TN:
SF:/usr/include/x86_64-linux-gnu/qt5/QtCore/qarraydata.h
FN:123,_ZN10QArrayData10sharedNullEv
FNDA:0,_ZN10QArrayData10sharedNullEv
FN:236,_ZN15QTypedArrayDataItE10deallocateEP10QArrayData
FNDA:0,_ZN15QTypedArrayDataItE10deallocateEP10QArrayData
FN:257,_ZN15QTypedArrayDataItE10sharedNullEv
FNDA:0,_ZN15QTypedArrayDataItE10sharedNullEv
DA:123,0
DA:236,0
DA:239,0
DA:240,0
DA:257,0
DA:260,0
end_of_record
SF:/usr/include/x86_64-linux-gnu/qt5/QtCore/qrefcount.h
FN:54,_ZN9QtPrivate8RefCount3refEv
FNDA:0,_ZN9QtPrivate8RefCount3refEv
FN:65,_ZN9QtPrivate8RefCount5derefEv
FNDA:0,_ZN9QtPrivate8RefCount5derefEv
DA:54,0
DA:55,0
DA:57,0
DA:58,0
DA:60,0
DA:61,0
DA:62,0
DA:65,0
DA:66,0
DA:68,0
DA:69,0
DA:71,0
DA:72,0
DA:73,0
end_of_record
SF:/usr/include/x86_64-linux-gnu/qt5/QtCore/qstring.h
FN:957,_ZN7QStringC2ERKS_
FNDA:0,_ZN7QStringC2ERKS_
FN:1134,_ZN7QStringC2Ev
FNDA:0,_ZN7QStringC2Ev
FN:1135,_ZN7QStringD2Ev
FNDA:0,_ZN7QStringD2Ev
DA:957,0
DA:958,0
DA:1134,0
DA:1135,0
end_of_record
SF:/usr/include/x86_64-linux-gnu/qt5/QtCore/qbasicatomic.h
FN:103,_ZNK19QBasicAtomicIntegerIiE4loadEv
FNDA:0,_ZNK19QBasicAtomicIntegerIiE4loadEv
FN:114,_ZN19QBasicAtomicIntegerIiE3refEv
FNDA:0,_ZN19QBasicAtomicIntegerIiE3refEv
FN:115,_ZN19QBasicAtomicIntegerIiE5derefEv
FNDA:0,_ZN19QBasicAtomicIntegerIiE5derefEv
DA:103,0
DA:114,0
DA:115,0
end_of_record
SF:/home/user/Desktop/pobedi-me-ako-znas/application/podrunda.cpp
FN:4,_ZN8PodrundaC2Ev
FNDA:0,_ZN8PodrundaC2Ev
FN:14,_ZNK8Podrunda17getAnswerQuestionEv
FNDA:0,_ZNK8Podrunda17getAnswerQuestionEv
FN:19,_ZN8Podrunda17setAnswerQuestionE7QStringd
FNDA:0,_ZN8Podrunda17setAnswerQuestionE7QStringd
DA:4,0
DA:9,0
DA:12,0
DA:14,0
DA:16,0
DA:19,0
DA:21,0
DA:22,0
DA:23,0
end_of_record
SF:/usr/include/x86_64-linux-gnu/qt5/QtCore/qatomic_cxx11.h
FN:225,_ZN10QAtomicOpsIiE4loadIiEET_RKSt6atomicIS2_E
FNDA:0,_ZN10QAtomicOpsIiE4loadIiEET_RKSt6atomicIS2_E
FN:263,_ZN10QAtomicOpsIiE3refIiEEbRSt6atomicIT_E
FNDA:0,_ZN10QAtomicOpsIiE3refIiEEbRSt6atomicIT_E
FN:269,_ZN10QAtomicOpsIiE5derefIiEEbRSt6atomicIT_E
FNDA:0,_ZN10QAtomicOpsIiE5derefIiEEbRSt6atomicIT_E
DA:225,0
DA:227,0
DA:263,0
DA:265,0
DA:269,0
DA:271,0
end_of_record
SF:/usr/include/c++/9/bits/atomic_base.h
FN:99,_ZStanSt12memory_orderSt23__memory_order_modifier
FNDA:0,_ZStanSt12memory_orderSt23__memory_order_modifier
FN:318,_ZNSt13__atomic_baseIiEppEv
FNDA:0,_ZNSt13__atomic_baseIiEppEv
FN:326,_ZNSt13__atomic_baseIiEmmEv
FNDA:0,_ZNSt13__atomic_baseIiEmmEv
DA:99,0
DA:101,0
DA:318,0
DA:319,0
DA:326,0
DA:327,0
DA:415,0
DA:419,0
end_of_record
SF:/usr/include/c++/9/bits/stl_pair.h
FN:229,_ZNSt4pairI7QStringdEC1IS0_dLb1EEEv
FNDA:0,_ZNSt4pairI7QStringdEC1IS0_dLb1EEEv
FN:303,_ZNSt4pairI7QStringdEC2ERKS1_
FNDA:0,_ZNSt4pairI7QStringdEC2ERKS1_
DA:229,0
DA:230,0
DA:303,0
end_of_record
TN:
SF:/home/user/Desktop/pobedi-me-ako-znas/build/application/application_autogen/EWIEGA46WW/moc_reckoui.cpp
FN:92,_ZN7ReckoUI18qt_static_metacallEP7QObjectN11QMetaObject4CallEiPPv
FNDA:230,_ZN7ReckoUI18qt_static_metacallEP7QObjectN11QMetaObject4CallEiPPv
FN:145,_ZNK7ReckoUI10metaObjectEv
FNDA:17366,_ZNK7ReckoUI10metaObjectEv
FN:150,_ZN7ReckoUI11qt_metacastEPKc
FNDA:16175,_ZN7ReckoUI11qt_metacastEPKc
FN:158,_ZN7ReckoUI11qt_metacallEN11QMetaObject4CallEiPPv
FNDA:84,_ZN7ReckoUI11qt_metacallEN11QMetaObject4CallEiPPv
FN:176,_ZN7ReckoUI7timesUpEv
FNDA:1,_ZN7ReckoUI7timesUpEv
FN:182,_ZN7ReckoUI8gameEndsEv
FNDA:0,_ZN7ReckoUI8gameEndsEv
FN:188,_ZN7ReckoUI9mGameEndsEv
FNDA:2,_ZN7ReckoUI9mGameEndsEv
DA:92,230
DA:94,230
DA:95,222
DA:97,222
DA:98,0
DA:99,0
DA:100,0
DA:101,0
DA:102,204
DA:103,0
DA:104,18
DA:105,0
DA:106,222
DA:108,8
DA:109,8
DA:112,8
DA:113,6
DA:114,6
DA:119,2
DA:120,0
DA:121,0
DA:126,2
DA:127,2
DA:128,2
DA:145,17366
DA:147,17366
DA:150,16175
DA:152,16175
DA:153,16175
DA:154,0
DA:155,16175
DA:158,84
DA:160,84
DA:161,84
DA:162,84
DA:163,0
DA:164,0
DA:165,0
DA:166,0
DA:167,0
DA:168,0
DA:169,0
DA:170,0
DA:172,0
DA:176,1
DA:178,1
DA:179,1
DA:182,0
DA:184,0
DA:185,0
DA:188,2
DA:190,2
DA:191,2
end_of_record
SF:/usr/include/x86_64-linux-gnu/qt5/QtCore/qrefcount.h
FN:65,_ZN9QtPrivate8RefCount5derefEv
FNDA:7593,_ZN9QtPrivate8RefCount5derefEv
DA:65,7593
DA:66,7593
DA:68,7593
DA:69,2
DA:71,7591
DA:72,256
DA:73,7335
end_of_record
SF:/home/user/Desktop/pobedi-me-ako-znas/build/application/application_autogen/EWIEGA46WW/moc_pogodista.cpp
FN:57,_ZN9PogodiSta18qt_static_metacallEP7QObjectN11QMetaObject4CallEiPPv
FNDA:0,_ZN9PogodiSta18qt_static_metacallEP7QObjectN11QMetaObject4CallEiPPv
FN:75,_ZNK9PogodiSta10metaObjectEv
FNDA:0,_ZNK9PogodiSta10metaObjectEv
FN:80,_ZN9PogodiSta11qt_metacastEPKc
FNDA:0,_ZN9PogodiSta11qt_metacastEPKc
FN:88,_ZN9PogodiSta11qt_metacallEN11QMetaObject4CallEiPPv
FNDA:0,_ZN9PogodiSta11qt_metacallEN11QMetaObject4CallEiPPv
DA:57,0
DA:63,0
DA:75,0
DA:77,0
DA:80,0
DA:82,0
DA:83,0
DA:84,0
DA:85,0
DA:88,0
DA:90,0
DA:91,0
end_of_record
SF:/home/user/Desktop/pobedi-me-ako-znas/build/application/application_autogen/EWIEGA46WW/moc_infolog.cpp
FN:65,_ZN7InfoLog18qt_static_metacallEP7QObjectN11QMetaObject4CallEiPPv
FNDA:0,_ZN7InfoLog18qt_static_metacallEP7QObjectN11QMetaObject4CallEiPPv
FN:88,_ZNK7InfoLog10metaObjectEv
FNDA:0,_ZNK7InfoLog10metaObjectEv
FN:93,_ZN7InfoLog11qt_metacastEPKc
FNDA:0,_ZN7InfoLog11qt_metacastEPKc
FN:101,_ZN7InfoLog11qt_metacallEN11QMetaObject4CallEiPPv
FNDA:0,_ZN7InfoLog11qt_metacallEN11QMetaObject4CallEiPPv
DA:65,0
DA:67,0
DA:68,0
DA:70,0
DA:71,0
DA:72,0
DA:76,0
DA:88,0
DA:90,0
DA:93,0
DA:95,0
DA:96,0
DA:97,0
DA:98,0
DA:101,0
DA:103,0
DA:104,0
DA:105,0
DA:106,0
DA:107,0
DA:108,0
DA:109,0
DA:110,0
DA:111,0
DA:112,0
DA:113,0
DA:115,0
end_of_record
SF:/home/user/Desktop/pobedi-me-ako-znas/build/application/application_autogen/EWIEGA46WW/moc_resultdialog.cpp
FN:57,_ZN12ResultDialog18qt_static_metacallEP7QObjectN11QMetaObject4CallEiPPv
FNDA:0,_ZN12ResultDialog18qt_static_metacallEP7QObjectN11QMetaObject4CallEiPPv
FN:75,_ZNK12ResultDialog10metaObjectEv
FNDA:582,_ZNK12ResultDialog10metaObjectEv
FN:80,_ZN12ResultDialog11qt_metacastEPKc
FNDA:298,_ZN12ResultDialog11qt_metacastEPKc
FN:88,_ZN12ResultDialog11qt_metacallEN11QMetaObject4CallEiPPv
FNDA:0,_ZN12ResultDialog11qt_metacallEN11QMetaObject4CallEiPPv
DA:57,0
DA:63,0
DA:75,582
DA:77,582
DA:80,298
DA:82,298
DA:83,298
DA:84,0
DA:85,298
DA:88,0
DA:90,0
DA:91,0
end_of_record
SF:/home/user/Desktop/pobedi-me-ako-znas/application/podrunda.h
end_of_record
SF:/usr/include/x86_64-linux-gnu/qt5/QtCore/qbasicatomic.h
FN:103,_ZNK19QBasicAtomicIntegerIiE4loadEv
FNDA:9455,_ZNK19QBasicAtomicIntegerIiE4loadEv
FN:115,_ZN19QBasicAtomicIntegerIiE5derefEv
FNDA:7335,_ZN19QBasicAtomicIntegerIiE5derefEv
DA:103,9455
DA:115,7335
end_of_record
SF:/home/user/Desktop/pobedi-me-ako-znas/build/application/application_autogen/EWIEGA46WW/moc_podrundaui.cpp
FN:85,_ZN10Podrundaui18qt_static_metacallEP7QObjectN11QMetaObject4CallEiPPv
FNDA:0,_ZN10Podrundaui18qt_static_metacallEP7QObjectN11QMetaObject4CallEiPPv
FN:129,_ZNK10Podrundaui10metaObjectEv
FNDA:0,_ZNK10Podrundaui10metaObjectEv
FN:134,_ZN10Podrundaui11qt_metacastEPKc
FNDA:0,_ZN10Podrundaui11qt_metacastEPKc
FN:142,_ZN10Podrundaui11qt_metacallEN11QMetaObject4CallEiPPv
FNDA:0,_ZN10Podrundaui11qt_metacallEN11QMetaObject4CallEiPPv
FN:160,_ZN10Podrundaui7timesUpEv
FNDA:0,_ZN10Podrundaui7timesUpEv
FN:166,_ZN10Podrundaui9gameEndedEv
FNDA:0,_ZN10Podrundaui9gameEndedEv
DA:85,0
DA:87,0
DA:88,0
DA:90,0
DA:91,0
DA:92,0
DA:93,0
DA:94,0
DA:95,0
DA:96,0
DA:97,0
DA:99,0
DA:100,0
DA:103,0
DA:104,0
DA:105,0
DA:110,0
DA:111,0
DA:112,0
DA:129,0
DA:131,0
DA:134,0
DA:136,0
DA:137,0
DA:138,0
DA:139,0
DA:142,0
DA:144,0
DA:145,0
DA:146,0
DA:147,0
DA:148,0
DA:149,0
DA:150,0
DA:151,0
DA:152,0
DA:153,0
DA:154,0
DA:156,0
DA:160,0
DA:162,0
DA:163,0
DA:166,0
DA:168,0
DA:169,0
end_of_record
SF:/home/user/Desktop/pobedi-me-ako-znas/build/application/application_autogen/EWIEGA46WW/moc_mojbroj.cpp
FN:109,_ZN7Mojbroj18qt_static_metacallEP7QObjectN11QMetaObject4CallEiPPv
FNDA:44,_ZN7Mojbroj18qt_static_metacallEP7QObjectN11QMetaObject4CallEiPPv
FN:167,_ZNK7Mojbroj10metaObjectEv
FNDA:3524,_ZNK7Mojbroj10metaObjectEv
FN:172,_ZN7Mojbroj11qt_metacastEPKc
FNDA:1636,_ZN7Mojbroj11qt_metacastEPKc
FN:180,_ZN7Mojbroj11qt_metacallEN11QMetaObject4CallEiPPv
FNDA:20,_ZN7Mojbroj11qt_metacallEN11QMetaObject4CallEiPPv
FN:198,_ZN7Mojbroj7timesUpEv
FNDA:0,_ZN7Mojbroj7timesUpEv
FN:204,_ZN7Mojbroj7gameEndEv
FNDA:0,_ZN7Mojbroj7gameEndEv
FN:210,_ZN7Mojbroj9mGameEndsEv
FNDA:2,_ZN7Mojbroj9mGameEndsEv
DA:109,44
DA:111,44
DA:112,38
DA:114,38
DA:115,0
DA:116,0
DA:117,0
DA:118,4
DA:119,0
DA:120,4
DA:121,2
DA:122,2
DA:123,0
DA:124,0
DA:125,0
DA:126,10
DA:127,16
DA:128,38
DA:130,6
DA:131,6
DA:134,6
DA:135,2
DA:136,2
DA:141,4
DA:142,2
DA:143,2
DA:148,2
DA:149,2
DA:150,2
DA:167,3524
DA:169,3524
DA:172,1636
DA:174,1636
DA:175,1636
DA:176,0
DA:177,1636
DA:180,20
DA:182,20
DA:183,20
DA:184,20
DA:185,0
DA:186,0
DA:187,0
DA:188,0
DA:189,0
DA:190,0
DA:191,0
DA:192,0
DA:194,0
DA:198,0
DA:200,0
DA:201,0
DA:204,0
DA:206,0
DA:207,0
DA:210,2
DA:212,2
DA:213,2
end_of_record
SF:/home/user/Desktop/pobedi-me-ako-znas/build/application/application_autogen/EWIEGA46WW/moc_memorija.cpp
FN:77,_ZN8Memorija18qt_static_metacallEP7QObjectN11QMetaObject4CallEiPPv
FNDA:63,_ZN8Memorija18qt_static_metacallEP7QObjectN11QMetaObject4CallEiPPv
FN:110,_ZNK8Memorija10metaObjectEv
FNDA:2523,_ZNK8Memorija10metaObjectEv
FN:115,_ZN8Memorija11qt_metacastEPKc
FNDA:2220,_ZN8Memorija11qt_metacastEPKc
FN:123,_ZN8Memorija11qt_metacallEN11QMetaObject4CallEiPPv
FNDA:8,_ZN8Memorija11qt_metacallEN11QMetaObject4CallEiPPv
FN:141,_ZN8Memorija9mGameEndsEv
FNDA:2,_ZN8Memorija9mGameEndsEv
DA:77,63
DA:79,63
DA:80,61
DA:82,61
DA:83,0
DA:84,61
DA:85,0
DA:86,61
DA:88,2
DA:89,2
DA:92,2
DA:93,2
DA:94,2
DA:110,2523
DA:112,2523
DA:115,2220
DA:117,2220
DA:118,2220
DA:119,0
DA:120,2220
DA:123,8
DA:125,8
DA:126,8
DA:127,8
DA:128,0
DA:129,0
DA:130,0
DA:131,0
DA:132,0
DA:133,0
DA:134,0
DA:135,0
DA:137,0
DA:141,2
DA:143,2
DA:144,2
end_of_record
SF:/usr/include/x86_64-linux-gnu/qt5/QtCore/qscopedpointer.h
FN:116,_ZNK14QScopedPointerI11QObjectData21QScopedPointerDeleterIS0_EEptEv
FNDA:112074,_ZNK14QScopedPointerI11QObjectData21QScopedPointerDeleterIS0_EEptEv
DA:116,112074
DA:118,112074
end_of_record
SF:/usr/include/c++/9/bits/stl_pair.h
end_of_record
SF:/usr/include/c++/9/bits/atomic_base.h
FN:99,_ZStanSt12memory_orderSt23__memory_order_modifier
FNDA:9455,_ZStanSt12memory_orderSt23__memory_order_modifier
FN:326,_ZNSt13__atomic_baseIiEmmEv
FNDA:7335,_ZNSt13__atomic_baseIiEmmEv
DA:99,9455
DA:101,9455
DA:326,7335
DA:327,7335
DA:415,9455
DA:419,9455
end_of_record
SF:/home/user/Desktop/pobedi-me-ako-znas/application/cardwidget.h
end_of_record
SF:/usr/include/x86_64-linux-gnu/qt5/QtCore/qstring.h
FN:1135,_ZN7QStringD2Ev
FNDA:6914,_ZN7QStringD2Ev
DA:1135,6914
end_of_record
SF:/home/user/Desktop/pobedi-me-ako-znas/build/application/application_autogen/EWIEGA46WW/moc_cardwidget.cpp
FN:76,_ZN10CardWidget18qt_static_metacallEP7QObjectN11QMetaObject4CallEiPPv
FNDA:80,_ZN10CardWidget18qt_static_metacallEP7QObjectN11QMetaObject4CallEiPPv
FN:109,_ZNK10CardWidget10metaObjectEv
FNDA:26640,_ZNK10CardWidget10metaObjectEv
FN:114,_ZN10CardWidget11qt_metacastEPKc
FNDA:21654,_ZN10CardWidget11qt_metacastEPKc
FN:122,_ZN10CardWidget11qt_metacallEN11QMetaObject4CallEiPPv
FNDA:0,_ZN10CardWidget11qt_metacallEN11QMetaObject4CallEiPPv
FN:140,_ZN10CardWidget7clickedEi
FNDA:40,_ZN10CardWidget7clickedEi
DA:76,80
DA:78,80
DA:79,0
DA:81,0
DA:82,0
DA:83,0
DA:84,0
DA:85,0
DA:87,80
DA:88,80
DA:91,80
DA:92,80
DA:93,80
DA:109,26640
DA:111,26640
DA:114,21654
DA:116,21654
DA:117,21654
DA:118,0
DA:119,21654
DA:122,0
DA:124,0
DA:125,0
DA:126,0
DA:127,0
DA:128,0
DA:129,0
DA:130,0
DA:131,0
DA:132,0
DA:133,0
DA:134,0
DA:136,0
DA:140,40
DA:142,40
DA:143,40
DA:144,40
end_of_record
SF:/usr/include/x86_64-linux-gnu/qt5/QtCore/qarraydata.h
FN:236,_ZN15QTypedArrayDataItE10deallocateEP10QArrayData
FNDA:4623,_ZN15QTypedArrayDataItE10deallocateEP10QArrayData
DA:236,4623
DA:239,4623
DA:240,4623
end_of_record
SF:/home/user/Desktop/pobedi-me-ako-znas/build/application/application_autogen/EWIEGA46WW/moc_koznaui.cpp
FN:132,_ZN7KoZnaui18qt_static_metacallEP7QObjectN11QMetaObject4CallEiPPv
FNDA:101,_ZN7KoZnaui18qt_static_metacallEP7QObjectN11QMetaObject4CallEiPPv
FN:203,_ZNK7KoZnaui10metaObjectEv
FNDA:8153,_ZNK7KoZnaui10metaObjectEv
FN:208,_ZN7KoZnaui11qt_metacastEPKc
FNDA:5522,_ZN7KoZnaui11qt_metacastEPKc
FN:216,_ZN7KoZnaui11qt_metacallEN11QMetaObject4CallEiPPv
FNDA:150,_ZN7KoZnaui11qt_metacallEN11QMetaObject4CallEiPPv
FN:234,_ZN7KoZnaui7timesUpEv
FNDA:12,_ZN7KoZnaui7timesUpEv
FN:240,_ZN7KoZnaui8gameEndsEv
FNDA:2,_ZN7KoZnaui8gameEndsEv
FN:246,_ZN7KoZnaui9mGameEndsEv
FNDA:2,_ZN7KoZnaui9mGameEndsEv
FN:252,_ZN7KoZnaui12podrundaEndsEv
FNDA:0,_ZN7KoZnaui12podrundaEndsEv
DA:132,101
DA:134,101
DA:135,95
DA:137,95
DA:138,0
DA:139,0
DA:140,0
DA:141,0
DA:142,0
DA:143,0
DA:144,60
DA:145,35
DA:146,0
DA:147,0
DA:148,0
DA:149,0
DA:150,0
DA:151,0
DA:152,0
DA:153,0
DA:154,0
DA:155,0
DA:156,0
DA:157,0
DA:158,95
DA:160,6
DA:161,6
DA:164,6
DA:165,2
DA:166,2
DA:171,4
DA:172,2
DA:173,2
DA:178,2
DA:179,2
DA:180,2
DA:185,0
DA:186,0
DA:187,0
DA:203,8153
DA:205,8153
DA:208,5522
DA:210,5522
DA:211,5522
DA:212,0
DA:213,5522
DA:216,150
DA:218,150
DA:219,150
DA:220,150
DA:221,0
DA:222,0
DA:223,0
DA:224,0
DA:225,0
DA:226,0
DA:227,0
DA:228,0
DA:230,0
DA:234,12
DA:236,12
DA:237,12
DA:240,2
DA:242,2
DA:243,2
DA:246,2
DA:248,2
DA:249,2
DA:252,0
DA:254,0
DA:255,0
end_of_record
SF:/usr/include/c++/9/iostream
end_of_record
SF:/home/user/Desktop/pobedi-me-ako-znas/build/application/application_autogen/EWIEGA46WW/moc_pocetniekran.cpp
FN:100,_ZN12PocetniEkran18qt_static_metacallEP7QObjectN11QMetaObject4CallEiPPv
FNDA:2,_ZN12PocetniEkran18qt_static_metacallEP7QObjectN11QMetaObject4CallEiPPv
FN:133,_ZNK12PocetniEkran10metaObjectEv
FNDA:46570,_ZNK12PocetniEkran10metaObjectEv
FN:138,_ZN12PocetniEkran11qt_metacastEPKc
FNDA:40544,_ZN12PocetniEkran11qt_metacastEPKc
FN:146,_ZN12PocetniEkran11qt_metacallEN11QMetaObject4CallEiPPv
FNDA:294,_ZN12PocetniEkran11qt_metacallEN11QMetaObject4CallEiPPv
DA:100,2
DA:102,2
DA:103,2
DA:105,2
DA:106,0
DA:107,2
DA:108,0
DA:109,0
DA:110,0
DA:111,0
DA:112,0
DA:113,0
DA:114,0
DA:115,0
DA:116,0
DA:117,2
DA:121,2
DA:133,46570
DA:135,46570
DA:138,40544
DA:140,40544
DA:141,40544
DA:142,0
DA:143,40544
DA:146,294
DA:148,294
DA:149,294
DA:150,292
DA:151,2
DA:152,2
DA:153,2
DA:154,2
DA:155,0
DA:156,0
DA:157,0
DA:158,0
DA:160,2
end_of_record
SF:/home/user/Desktop/pobedi-me-ako-znas/build/application/application_autogen/EWIEGA46WW/moc_logindialog.cpp
FN:57,_ZN11loginDialog18qt_static_metacallEP7QObjectN11QMetaObject4CallEiPPv
FNDA:0,_ZN11loginDialog18qt_static_metacallEP7QObjectN11QMetaObject4CallEiPPv
FN:75,_ZNK11loginDialog10metaObjectEv
FNDA:1180,_ZNK11loginDialog10metaObjectEv
FN:80,_ZN11loginDialog11qt_metacastEPKc
FNDA:788,_ZN11loginDialog11qt_metacastEPKc
FN:88,_ZN11loginDialog11qt_metacallEN11QMetaObject4CallEiPPv
FNDA:0,_ZN11loginDialog11qt_metacallEN11QMetaObject4CallEiPPv
DA:57,0
DA:63,0
DA:75,1180
DA:77,1180
DA:80,788
DA:82,788
DA:83,788
DA:84,0
DA:85,788
DA:88,0
DA:90,0
DA:91,0
end_of_record
SF:/usr/include/x86_64-linux-gnu/qt5/QtCore/qatomic_cxx11.h
FN:225,_ZN10QAtomicOpsIiE4loadIiEET_RKSt6atomicIS2_E
FNDA:9455,_ZN10QAtomicOpsIiE4loadIiEET_RKSt6atomicIS2_E
FN:269,_ZN10QAtomicOpsIiE5derefIiEEbRSt6atomicIT_E
FNDA:7335,_ZN10QAtomicOpsIiE5derefIiEEbRSt6atomicIT_E
DA:225,9455
DA:227,18910
DA:269,7335
DA:271,7335
end_of_record
SF:/home/user/Desktop/pobedi-me-ako-znas/build/application/application_autogen/EWIEGA46WW/moc_pogodistaui.cpp
FN:86,_ZN11PogodiStaUI18qt_static_metacallEP7QObjectN11QMetaObject4CallEiPPv
FNDA:6,_ZN11PogodiStaUI18qt_static_metacallEP7QObjectN11QMetaObject4CallEiPPv
FN:130,_ZNK11PogodiStaUI10metaObjectEv
FNDA:5536,_ZNK11PogodiStaUI10metaObjectEv
FN:135,_ZN11PogodiStaUI11qt_metacastEPKc
FNDA:3498,_ZN11PogodiStaUI11qt_metacastEPKc
FN:143,_ZN11PogodiStaUI11qt_metacallEN11QMetaObject4CallEiPPv
FNDA:42,_ZN11PogodiStaUI11qt_metacallEN11QMetaObject4CallEiPPv
FN:161,_ZN11PogodiStaUI8gameEndsEv
FNDA:4,_ZN11PogodiStaUI8gameEndsEv
FN:167,_ZN11PogodiStaUI9mGameEndsEv
FNDA:2,_ZN11PogodiStaUI9mGameEndsEv
DA:86,6
DA:88,6
DA:89,0
DA:91,0
DA:92,0
DA:93,0
DA:94,0
DA:95,0
DA:96,0
DA:97,0
DA:98,0
DA:100,6
DA:101,6
DA:104,6
DA:105,4
DA:106,4
DA:111,2
DA:112,2
DA:113,2
DA:130,5536
DA:132,5536
DA:135,3498
DA:137,3498
DA:138,3498
DA:139,0
DA:140,3498
DA:143,42
DA:145,42
DA:146,42
DA:147,42
DA:148,0
DA:149,0
DA:150,0
DA:151,0
DA:152,0
DA:153,0
DA:154,0
DA:155,0
DA:157,0
DA:161,4
DA:163,4
DA:164,4
DA:167,2
DA:169,2
DA:170,2
end_of_record
SF:/home/user/Desktop/pobedi-me-ako-znas/build/application/application_autogen/EWIEGA46WW/moc_mainwindow.cpp
FN:57,_ZN10MainWindow18qt_static_metacallEP7QObjectN11QMetaObject4CallEiPPv
FNDA:0,_ZN10MainWindow18qt_static_metacallEP7QObjectN11QMetaObject4CallEiPPv
FN:75,_ZNK10MainWindow10metaObjectEv
FNDA:0,_ZNK10MainWindow10metaObjectEv
FN:80,_ZN10MainWindow11qt_metacastEPKc
FNDA:0,_ZN10MainWindow11qt_metacastEPKc
FN:88,_ZN10MainWindow11qt_metacallEN11QMetaObject4CallEiPPv
FNDA:0,_ZN10MainWindow11qt_metacallEN11QMetaObject4CallEiPPv
DA:57,0
DA:63,0
DA:75,0
DA:77,0
DA:80,0
DA:82,0
DA:83,0
DA:84,0
DA:85,0
DA:88,0
DA:90,0
DA:91,0
end_of_record
SF:/home/user/Desktop/pobedi-me-ako-znas/build/application/application_autogen/EWIEGA46WW/moc_podrunda.cpp
FN:57,_ZN8Podrunda18qt_static_metacallEP7QObjectN11QMetaObject4CallEiPPv
FNDA:0,_ZN8Podrunda18qt_static_metacallEP7QObjectN11QMetaObject4CallEiPPv
FN:75,_ZNK8Podrunda10metaObjectEv
FNDA:0,_ZNK8Podrunda10metaObjectEv
FN:80,_ZN8Podrunda11qt_metacastEPKc
FNDA:0,_ZN8Podrunda11qt_metacastEPKc
FN:88,_ZN8Podrunda11qt_metacallEN11QMetaObject4CallEiPPv
FNDA:0,_ZN8Podrunda11qt_metacallEN11QMetaObject4CallEiPPv
DA:57,0
DA:63,0
DA:75,0
DA:77,0
DA:80,0
DA:82,0
DA:83,0
DA:84,0
DA:85,0
DA:88,0
DA:90,0
DA:91,0
end_of_record
SF:/home/user/Desktop/pobedi-me-ako-znas/application/pogodista.h
end_of_record
SF:/usr/include/c++/9/bits/move.h
FN:99,_ZSt4moveIRPN2Ui7KoZnauiEEONSt16remove_referenceIT_E4typeEOS5_
FNDA:0,_ZSt4moveIRPN2Ui7KoZnauiEEONSt16remove_referenceIT_E4typeEOS5_
DA:99,0
DA:100,0
end_of_record
TN:
SF:/home/user/Desktop/pobedi-me-ako-znas/build/application/application_autogen/EWIEGA46WW/qrc_resources.cpp
FN:101317,_Z24qInitResources_resourcesv
FNDA:2,_Z24qInitResources_resourcesv
FN:101325,_Z27qCleanupResources_resourcesv
FNDA:2,_Z27qCleanupResources_resourcesv
FN:101334,_ZN12_GLOBAL__N_111initializerC2Ev
FNDA:2,_ZN12_GLOBAL__N_111initializerC2Ev
FN:101335,_ZN12_GLOBAL__N_111initializerD2Ev
FNDA:2,_ZN12_GLOBAL__N_111initializerD2Ev
DA:101317,2
DA:101320,2
DA:101321,2
DA:101325,2
DA:101328,2
DA:101329,2
DA:101334,2
DA:101335,2
end_of_record
TN:
SF:/usr/include/x86_64-linux-gnu/qt5/QtCore/qsize.h
FN:119,_ZN5QSizeC2Eii
FNDA:0,_ZN5QSizeC2Eii
DA:119,0
end_of_record
SF:/usr/include/x86_64-linux-gnu/qt5/QtWidgets/qwidget.h
FN:838,_ZN7QWidget6resizeEii
FNDA:0,_ZN7QWidget6resizeEii
DA:838,0
DA:839,0
end_of_record
SF:/usr/include/x86_64-linux-gnu/qt5/QtCore/qatomic_cxx11.h
FN:225,_ZN10QAtomicOpsIiE4loadIiEET_RKSt6atomicIS2_E
FNDA:0,_ZN10QAtomicOpsIiE4loadIiEET_RKSt6atomicIS2_E
FN:269,_ZN10QAtomicOpsIiE5derefIiEEbRSt6atomicIT_E
FNDA:0,_ZN10QAtomicOpsIiE5derefIiEEbRSt6atomicIT_E
DA:225,0
DA:227,0
DA:269,0
DA:271,0
end_of_record
SF:/usr/include/x86_64-linux-gnu/qt5/QtCore/qarraydata.h
FN:236,_ZN15QTypedArrayDataItE10deallocateEP10QArrayData
FNDA:0,_ZN15QTypedArrayDataItE10deallocateEP10QArrayData
DA:236,0
DA:239,0
DA:240,0
end_of_record
SF:/usr/include/x86_64-linux-gnu/qt5/QtCore/qrect.h
FN:184,_ZN5QRectC2Eiiii
FNDA:0,_ZN5QRectC2Eiiii
DA:184,0
DA:185,0
end_of_record
SF:/usr/include/x86_64-linux-gnu/qt5/QtCore/qstring.h
FN:570,_ZN7QString8fromUtf8EPKci
FNDA:0,_ZN7QString8fromUtf8EPKci
FN:941,_ZNK7QString7isEmptyEv
FNDA:0,_ZNK7QString7isEmptyEv
FN:1135,_ZN7QStringD2Ev
FNDA:0,_ZN7QStringD2Ev
DA:570,0
DA:572,0
DA:941,0
DA:942,0
DA:1135,0
end_of_record
SF:/home/user/Desktop/pobedi-me-ako-znas/build/application/application_autogen/include/ui_mainwindow.h
FN:30,_ZN13Ui_MainWindow7setupUiEP11QMainWindow
FNDA:0,_ZN13Ui_MainWindow7setupUiEP11QMainWindow
FN:54,_ZN13Ui_MainWindow13retranslateUiEP11QMainWindow
FNDA:0,_ZN13Ui_MainWindow13retranslateUiEP11QMainWindow
DA:30,0
DA:32,0
DA:33,0
DA:34,0
DA:35,0
DA:36,0
DA:37,0
DA:38,0
DA:39,0
DA:40,0
DA:41,0
DA:42,0
DA:43,0
DA:44,0
DA:45,0
DA:46,0
DA:47,0
DA:49,0
DA:51,0
DA:52,0
DA:54,0
DA:56,0
DA:57,0
end_of_record
SF:/usr/include/c++/9/bits/atomic_base.h
FN:99,_ZStanSt12memory_orderSt23__memory_order_modifier
FNDA:0,_ZStanSt12memory_orderSt23__memory_order_modifier
FN:326,_ZNSt13__atomic_baseIiEmmEv
FNDA:0,_ZNSt13__atomic_baseIiEmmEv
DA:99,0
DA:101,0
DA:326,0
DA:327,0
DA:415,0
DA:419,0
end_of_record
SF:/usr/include/x86_64-linux-gnu/qt5/QtCore/qbasicatomic.h
FN:103,_ZNK19QBasicAtomicIntegerIiE4loadEv
FNDA:0,_ZNK19QBasicAtomicIntegerIiE4loadEv
FN:115,_ZN19QBasicAtomicIntegerIiE5derefEv
FNDA:0,_ZN19QBasicAtomicIntegerIiE5derefEv
DA:103,0
DA:115,0
end_of_record
SF:/home/user/Desktop/pobedi-me-ako-znas/application/mainwindow.h
end_of_record
SF:/usr/include/x86_64-linux-gnu/qt5/QtCore/qflags.h
FN:121,_ZN6QFlagsIN2Qt10WindowTypeEEC2EMNS2_7PrivateEi
FNDA:0,_ZN6QFlagsIN2Qt10WindowTypeEEC2EMNS2_7PrivateEi
DA:121,0
end_of_record
SF:/home/user/Desktop/pobedi-me-ako-znas/application/mainwindow.cpp
FN:4,_ZN10MainWindowC2EP7QWidget
FNDA:0,_ZN10MainWindowC2EP7QWidget
FN:9,_ZN10MainWindowD0Ev
FNDA:0,_ZN10MainWindowD0Ev
FN:9,_ZN10MainWindowD2Ev
FNDA:0,_ZN10MainWindowD2Ev
DA:4,0
DA:6,0
DA:7,0
DA:9,0
DA:12,0
DA:9,0
DA:11,0
DA:12,0
end_of_record
SF:/usr/include/x86_64-linux-gnu/qt5/QtCore/qrefcount.h
FN:65,_ZN9QtPrivate8RefCount5derefEv
FNDA:0,_ZN9QtPrivate8RefCount5derefEv
DA:65,0
DA:66,0
DA:68,0
DA:69,0
DA:71,0
DA:72,0
DA:73,0
end_of_record
TN:
SF:/usr/include/c++/9/iostream
end_of_record
SF:/home/user/Desktop/pobedi-me-ako-znas/application/main.cpp
FN:11,main
FNDA:2,main
DA:11,2
DA:13,4
DA:15,4
DA:16,2
DA:18,2
end_of_record
TN:
SF:/home/user/Desktop/pobedi-me-ako-znas/application/game.cpp
FN:3,_ZN4Game12onIsFinishedEv
FNDA:0,_ZN4Game12onIsFinishedEv
DA:3,0
DA:5,0
end_of_record
TN:
SF:/usr/include/x86_64-linux-gnu/qt5/QtCore/qobjectdefs_impl.h
FN:88,_ZN9QtPrivate16ApplyReturnValueIvEC2EPv
FNDA:278,_ZN9QtPrivate16ApplyReturnValueIvEC2EPv
FN:151,_ZN9QtPrivate11FunctorCallINS_11IndexesListIJEEENS_4ListIJEEEvM7InfoLogFvvEE4callES7_PS5_PPv
FNDA:0,_ZN9QtPrivate11FunctorCallINS_11IndexesListIJEEENS_4ListIJEEEvM7InfoLogFvvEE4callES7_PS5_PPv
FN:184,_ZN9QtPrivate15FunctionPointerIM7InfoLogFvvEE4callINS_4ListIJEEEvEEvS3_PS1_PPv
FNDA:0,_ZN9QtPrivate15FunctionPointerIM7InfoLogFvvEE4callINS_4ListIJEEEvEEvS3_PS1_PPv
FN:387,_ZN9QtPrivate15QSlotObjectBaseC2EPFviPS0_P7QObjectPPvPbE
FNDA:185,_ZN9QtPrivate15QSlotObjectBaseC2EPFviPS0_P7QObjectPPvPbE
FN:396,_ZN9QtPrivate15QSlotObjectBaseD2Ev
FNDA:185,_ZN9QtPrivate15QSlotObjectBaseD2Ev
FN:407,_ZN9QtPrivate11QSlotObjectIM7InfoLogFvvENS_4ListIJEEEvE4implEiPNS_15QSlotObjectBaseEP7QObjectPPvPb
FNDA:0,_ZN9QtPrivate11QSlotObjectIM7InfoLogFvvENS_4ListIJEEEvE4implEiPNS_15QSlotObjectBaseEP7QObjectPPvPb
FN:423,_ZN9QtPrivate11QSlotObjectIM7InfoLogFvvENS_4ListIJEEEvEC2ES3_
FNDA:0,_ZN9QtPrivate11QSlotObjectIM7InfoLogFvvENS_4ListIJEEEvEC2ES3_
DA:88,278
DA:151,0
DA:152,0
DA:153,0
DA:184,0
DA:185,0
DA:186,0
DA:387,185
DA:396,185
DA:407,0
DA:409,0
DA:410,0
DA:411,0
DA:412,0
DA:413,0
DA:414,0
DA:415,0
DA:416,0
DA:417,0
DA:418,0
DA:419,0
DA:421,0
DA:423,0
end_of_record
SF:/usr/include/x86_64-linux-gnu/qt5/QtCore/qbasicatomic.h
FN:103,_ZNK19QBasicAtomicIntegerIiE4loadEv
FNDA:0,_ZNK19QBasicAtomicIntegerIiE4loadEv
FN:115,_ZN19QBasicAtomicIntegerIiE5derefEv
FNDA:0,_ZN19QBasicAtomicIntegerIiE5derefEv
FN:221,_ZN19QBasicAtomicIntegerIiEC2Ei
FNDA:185,_ZN19QBasicAtomicIntegerIiEC2Ei
DA:103,0
DA:115,0
DA:221,185
end_of_record
SF:/usr/include/x86_64-linux-gnu/qt5/QtCore/qobject_impl.h
FN:75,_ZN9QtPrivate15ConnectionTypesINS_4ListIJbEEELb1EE5typesEv
FNDA:0,_ZN9QtPrivate15ConnectionTypesINS_4ListIJbEEELb1EE5typesEv
DA:75,0
end_of_record
SF:/usr/include/c++/9/bits/atomic_base.h
FN:99,_ZStanSt12memory_orderSt23__memory_order_modifier
FNDA:0,_ZStanSt12memory_orderSt23__memory_order_modifier
FN:279,_ZNSt13__atomic_baseIiEC2Ei
FNDA:185,_ZNSt13__atomic_baseIiEC2Ei
FN:326,_ZNSt13__atomic_baseIiEmmEv
FNDA:0,_ZNSt13__atomic_baseIiEmmEv
DA:99,0
DA:101,0
DA:279,185
DA:326,0
DA:327,0
DA:415,0
DA:419,0
end_of_record
SF:/home/user/Desktop/pobedi-me-ako-znas/application/infolog.h
end_of_record
SF:/usr/include/x86_64-linux-gnu/qt5/QtCore/qobject.h
FN:228,_ZN7QObject7connectIM15QAbstractButtonFvbEM7InfoLogFvvEEEN11QMetaObject10ConnectionEPKN9QtPrivate15FunctionPointerIT_E6ObjectESB_PKNSA_IT0_E6ObjectESG_N2Qt14ConnectionTypeE
FNDA:0,_ZN7QObject7connectIM15QAbstractButtonFvbEM7InfoLogFvvEEEN11QMetaObject10ConnectionEPKN9QtPrivate15FunctionPointerIT_E6ObjectESB_PKNSA_IT0_E6ObjectESG_N2Qt14ConnectionTypeE
DA:228,0
DA:246,0
DA:247,0
DA:248,0
DA:252,0
DA:254,0
end_of_record
SF:/usr/include/x86_64-linux-gnu/qt5/QtCore/qrefcount.h
FN:65,_ZN9QtPrivate8RefCount5derefEv
FNDA:0,_ZN9QtPrivate8RefCount5derefEv
DA:65,0
DA:66,0
DA:68,0
DA:69,0
DA:71,0
DA:72,0
DA:73,0
end_of_record
SF:/usr/include/x86_64-linux-gnu/qt5/QtCore/qflags.h
FN:121,_ZN6QFlagsIN2Qt13AlignmentFlagEEC2EMNS2_7PrivateEi
FNDA:288,_ZN6QFlagsIN2Qt13AlignmentFlagEEC2EMNS2_7PrivateEi
FN:121,_ZN6QFlagsIN2Qt10WindowTypeEEC2EMNS2_7PrivateEi
FNDA:0,_ZN6QFlagsIN2Qt10WindowTypeEEC2EMNS2_7PrivateEi
DA:121,288
DA:121,0
end_of_record
SF:/usr/include/x86_64-linux-gnu/qt5/QtCore/qatomic.h
FN:60,_ZN14QAtomicIntegerIiEC2Ei
FNDA:185,_ZN14QAtomicIntegerIiEC2Ei
FN:162,_ZN10QAtomicIntC2Ei
FNDA:185,_ZN10QAtomicIntC2Ei
DA:60,185
DA:162,185
end_of_record
SF:/home/user/Desktop/pobedi-me-ako-znas/build/application/application_autogen/include/ui_infolog.h
FN:34,_ZN10Ui_InfoLog7setupUiEP11QMainWindow
FNDA:0,_ZN10Ui_InfoLog7setupUiEP11QMainWindow
FN:68,_ZN10Ui_InfoLog13retranslateUiEP11QMainWindow
FNDA:0,_ZN10Ui_InfoLog13retranslateUiEP11QMainWindow
DA:34,0
DA:36,0
DA:37,0
DA:38,0
DA:39,0
DA:40,0
DA:41,0
DA:42,0
DA:43,0
DA:44,0
DA:45,0
DA:47,0
DA:49,0
DA:50,0
DA:52,0
DA:54,0
DA:55,0
DA:56,0
DA:57,0
DA:58,0
DA:59,0
DA:60,0
DA:61,0
DA:63,0
DA:65,0
DA:66,0
DA:68,0
DA:70,0
DA:71,0
DA:89,0
DA:90,0
end_of_record
SF:/usr/include/c++/9/atomic
FN:759,_ZNSt6atomicIiEC2Ei
FNDA:185,_ZNSt6atomicIiEC2Ei
DA:759,185
end_of_record
SF:/usr/include/x86_64-linux-gnu/qt5/QtWidgets/qwidget.h
FN:838,_ZN7QWidget6resizeEii
FNDA:14,_ZN7QWidget6resizeEii
DA:838,14
DA:839,14
end_of_record
SF:/usr/include/x86_64-linux-gnu/qt5/QtCore/qsize.h
FN:119,_ZN5QSizeC2Eii
FNDA:292,_ZN5QSizeC2Eii
DA:119,292
end_of_record
SF:/usr/include/x86_64-linux-gnu/qt5/QtCore/qarraydata.h
FN:236,_ZN15QTypedArrayDataItE10deallocateEP10QArrayData
FNDA:0,_ZN15QTypedArrayDataItE10deallocateEP10QArrayData
DA:236,0
DA:239,0
DA:240,0
end_of_record
SF:/usr/include/x86_64-linux-gnu/qt5/QtCore/qstring.h
FN:570,_ZN7QString8fromUtf8EPKci
FNDA:0,_ZN7QString8fromUtf8EPKci
FN:941,_ZNK7QString7isEmptyEv
FNDA:359,_ZNK7QString7isEmptyEv
FN:1135,_ZN7QStringD2Ev
FNDA:0,_ZN7QStringD2Ev
DA:570,0
DA:572,0
DA:941,359
DA:942,359
DA:1135,0
end_of_record
SF:/usr/include/x86_64-linux-gnu/qt5/QtCore/qrect.h
FN:184,_ZN5QRectC2Eiiii
FNDA:0,_ZN5QRectC2Eiiii
DA:184,0
DA:185,0
end_of_record
SF:/home/user/Desktop/pobedi-me-ako-znas/application/infolog.cpp
FN:4,_ZN7InfoLogC2EP7QWidget
FNDA:0,_ZN7InfoLogC2EP7QWidget
FN:16,_ZN7InfoLogD0Ev
FNDA:0,_ZN7InfoLogD0Ev
FN:16,_ZN7InfoLogD2Ev
FNDA:0,_ZN7InfoLogD2Ev
FN:21,_ZN7InfoLog6cancelEv
FNDA:0,_ZN7InfoLog6cancelEv
DA:4,0
DA:7,0
DA:9,0
DA:10,0
DA:11,0
DA:13,0
DA:14,0
DA:16,0
DA:19,0
DA:16,0
DA:18,0
DA:19,0
DA:21,0
DA:23,0
DA:24,0
end_of_record
SF:/usr/include/x86_64-linux-gnu/qt5/QtCore/qatomic_cxx11.h
FN:225,_ZN10QAtomicOpsIiE4loadIiEET_RKSt6atomicIS2_E
FNDA:0,_ZN10QAtomicOpsIiE4loadIiEET_RKSt6atomicIS2_E
FN:269,_ZN10QAtomicOpsIiE5derefIiEEbRSt6atomicIT_E
FNDA:0,_ZN10QAtomicOpsIiE5derefIiEEbRSt6atomicIT_E
DA:225,0
DA:227,0
DA:269,0
DA:271,0
end_of_record
SF:/usr/include/x86_64-linux-gnu/qt5/QtGui/qpalette.h
FN:195,_ZN8QPalette8setColorENS_10ColorGroupENS_9ColorRoleERK6QColor
FNDA:0,_ZN8QPalette8setColorENS_10ColorGroupENS_9ColorRoleERK6QColor
FN:198,_ZN8QPalette8setColorENS_9ColorRoleERK6QColor
FNDA:0,_ZN8QPalette8setColorENS_9ColorRoleERK6QColor
DA:195,0
DA:197,0
DA:198,0
DA:199,0
end_of_record
TN:
SF:/usr/include/x86_64-linux-gnu/qt5/QtCore/qrefcount.h
FN:65,_ZN9QtPrivate8RefCount5derefEv
FNDA:0,_ZN9QtPrivate8RefCount5derefEv
DA:65,0
DA:66,0
DA:68,0
DA:69,0
DA:71,0
DA:72,0
DA:73,0
end_of_record
SF:/usr/include/x86_64-linux-gnu/qt5/QtCore/qobject.h
FN:228,_ZN7QObject7connectIM15QAbstractButtonFvbEM7QDialogFvvEEEN11QMetaObject10ConnectionEPKN9QtPrivate15FunctionPointerIT_E6ObjectESB_PKNSA_IT0_E6ObjectESG_N2Qt14ConnectionTypeE
FNDA:4,_ZN7QObject7connectIM15QAbstractButtonFvbEM7QDialogFvvEEEN11QMetaObject10ConnectionEPKN9QtPrivate15FunctionPointerIT_E6ObjectESB_PKNSA_IT0_E6ObjectESG_N2Qt14ConnectionTypeE
DA:228,4
DA:246,4
DA:247,4
DA:248,0
DA:252,4
DA:254,4
end_of_record
SF:/usr/include/x86_64-linux-gnu/qt5/QtCore/qatomic.h
FN:60,_ZN14QAtomicIntegerIiEC2Ei
FNDA:0,_ZN14QAtomicIntegerIiEC2Ei
FN:162,_ZN10QAtomicIntC2Ei
FNDA:0,_ZN10QAtomicIntC2Ei
DA:60,0
DA:162,0
end_of_record
SF:/usr/include/x86_64-linux-gnu/qt5/QtCore/qflags.h
FN:121,_ZN6QFlagsIN2Qt13AlignmentFlagEEC2EMNS2_7PrivateEi
FNDA:0,_ZN6QFlagsIN2Qt13AlignmentFlagEEC2EMNS2_7PrivateEi
FN:121,_ZN6QFlagsIN2Qt10WindowTypeEEC2EMNS2_7PrivateEi
FNDA:0,_ZN6QFlagsIN2Qt10WindowTypeEEC2EMNS2_7PrivateEi
DA:121,0
DA:121,0
end_of_record
SF:/usr/include/x86_64-linux-gnu/qt5/QtCore/qobjectdefs_impl.h
FN:88,_ZN9QtPrivate16ApplyReturnValueIvEC2EPv
FNDA:0,_ZN9QtPrivate16ApplyReturnValueIvEC2EPv
FN:151,_ZN9QtPrivate11FunctorCallINS_11IndexesListIJEEENS_4ListIJEEEvM7QDialogFvvEE4callES7_PS5_PPv
FNDA:2,_ZN9QtPrivate11FunctorCallINS_11IndexesListIJEEENS_4ListIJEEEvM7QDialogFvvEE4callES7_PS5_PPv
FN:184,_ZN9QtPrivate15FunctionPointerIM7QDialogFvvEE4callINS_4ListIJEEEvEEvS3_PS1_PPv
FNDA:2,_ZN9QtPrivate15FunctionPointerIM7QDialogFvvEE4callINS_4ListIJEEEvEEvS3_PS1_PPv
FN:387,_ZN9QtPrivate15QSlotObjectBaseC2EPFviPS0_P7QObjectPPvPbE
FNDA:0,_ZN9QtPrivate15QSlotObjectBaseC2EPFviPS0_P7QObjectPPvPbE
FN:396,_ZN9QtPrivate15QSlotObjectBaseD2Ev
FNDA:0,_ZN9QtPrivate15QSlotObjectBaseD2Ev
FN:407,_ZN9QtPrivate11QSlotObjectIM7QDialogFvvENS_4ListIJEEEvE4implEiPNS_15QSlotObjectBaseEP7QObjectPPvPb
FNDA:6,_ZN9QtPrivate11QSlotObjectIM7QDialogFvvENS_4ListIJEEEvE4implEiPNS_15QSlotObjectBaseEP7QObjectPPvPb
FN:423,_ZN9QtPrivate11QSlotObjectIM7QDialogFvvENS_4ListIJEEEvEC2ES3_
FNDA:4,_ZN9QtPrivate11QSlotObjectIM7QDialogFvvENS_4ListIJEEEvEC2ES3_
DA:88,0
DA:151,2
DA:152,2
DA:153,2
DA:184,2
DA:185,2
DA:186,2
DA:387,0
DA:396,0
DA:407,6
DA:409,6
DA:410,4
DA:411,4
DA:412,4
DA:413,2
DA:414,2
DA:415,2
DA:416,0
DA:417,0
DA:418,0
DA:419,6
DA:421,6
DA:423,4
end_of_record
SF:/usr/include/x86_64-linux-gnu/qt5/QtCore/qbasicatomic.h
FN:103,_ZNK19QBasicAtomicIntegerIiE4loadEv
FNDA:0,_ZNK19QBasicAtomicIntegerIiE4loadEv
FN:115,_ZN19QBasicAtomicIntegerIiE5derefEv
FNDA:0,_ZN19QBasicAtomicIntegerIiE5derefEv
FN:221,_ZN19QBasicAtomicIntegerIiEC2Ei
FNDA:0,_ZN19QBasicAtomicIntegerIiEC2Ei
DA:103,0
DA:115,0
DA:221,0
end_of_record
SF:/usr/include/x86_64-linux-gnu/qt5/QtCore/qobject_impl.h
FN:75,_ZN9QtPrivate15ConnectionTypesINS_4ListIJbEEELb1EE5typesEv
FNDA:0,_ZN9QtPrivate15ConnectionTypesINS_4ListIJbEEELb1EE5typesEv
DA:75,0
end_of_record
SF:/usr/include/c++/9/bits/atomic_base.h
FN:99,_ZStanSt12memory_orderSt23__memory_order_modifier
FNDA:0,_ZStanSt12memory_orderSt23__memory_order_modifier
FN:279,_ZNSt13__atomic_baseIiEC2Ei
FNDA:0,_ZNSt13__atomic_baseIiEC2Ei
FN:326,_ZNSt13__atomic_baseIiEmmEv
FNDA:0,_ZNSt13__atomic_baseIiEmmEv
DA:99,0
DA:101,0
DA:279,0
DA:326,0
DA:327,0
DA:415,0
DA:419,0
end_of_record
SF:/usr/include/x86_64-linux-gnu/qt5/QtCore/qstring.h
FN:699,_ZN7QStringC2EPKc
FNDA:0,_ZN7QStringC2EPKc
FN:1135,_ZN7QStringD2Ev
FNDA:0,_ZN7QStringD2Ev
DA:699,0
DA:700,0
DA:701,0
DA:1135,0
end_of_record
SF:/usr/include/x86_64-linux-gnu/qt5/QtCore/qarraydata.h
FN:236,_ZN15QTypedArrayDataItE10deallocateEP10QArrayData
FNDA:0,_ZN15QTypedArrayDataItE10deallocateEP10QArrayData
DA:236,0
DA:239,0
DA:240,0
end_of_record
SF:/home/user/Desktop/pobedi-me-ako-znas/application/logindialog.h
end_of_record
SF:/home/user/Desktop/pobedi-me-ako-znas/application/logindialog.cpp
FN:4,_ZN11loginDialogC2EP7QWidget
FNDA:2,_ZN11loginDialogC2EP7QWidget
FN:19,_ZN11loginDialogD0Ev
FNDA:0,_ZN11loginDialogD0Ev
FN:19,_ZN11loginDialogD2Ev
FNDA:2,_ZN11loginDialogD2Ev
FN:26,_ZNK11loginDialog7getNameEv
FNDA:2,_ZNK11loginDialog7getNameEv
DA:4,2
DA:6,2
DA:7,2
DA:8,2
DA:10,2
DA:11,2
DA:12,2
DA:13,2
DA:15,2
DA:16,2
DA:17,2
DA:19,0
DA:24,0
DA:19,2
DA:21,2
DA:22,2
DA:23,2
DA:24,2
DA:26,2
DA:28,2
end_of_record
SF:/usr/include/x86_64-linux-gnu/qt5/QtCore/qatomic_cxx11.h
FN:225,_ZN10QAtomicOpsIiE4loadIiEET_RKSt6atomicIS2_E
FNDA:0,_ZN10QAtomicOpsIiE4loadIiEET_RKSt6atomicIS2_E
FN:269,_ZN10QAtomicOpsIiE5derefIiEEbRSt6atomicIT_E
FNDA:0,_ZN10QAtomicOpsIiE5derefIiEEbRSt6atomicIT_E
DA:225,0
DA:227,0
DA:269,0
DA:271,0
end_of_record
SF:/usr/include/c++/9/atomic
FN:759,_ZNSt6atomicIiEC2Ei
FNDA:0,_ZNSt6atomicIiEC2Ei
DA:759,0
end_of_record
TN:
SF:/usr/include/c++/9/bits/atomic_base.h
FN:99,_ZStanSt12memory_orderSt23__memory_order_modifier
FNDA:0,_ZStanSt12memory_orderSt23__memory_order_modifier
FN:318,_ZNSt13__atomic_baseIiEppEv
FNDA:730,_ZNSt13__atomic_baseIiEppEv
FN:326,_ZNSt13__atomic_baseIiEmmEv
FNDA:0,_ZNSt13__atomic_baseIiEmmEv
DA:99,0
DA:101,0
DA:318,730
DA:319,730
DA:326,0
DA:327,0
DA:415,0
DA:419,0
end_of_record
SF:/home/user/Desktop/pobedi-me-ako-znas/application/cardwidget.cpp
FN:5,_ZN10CardWidgetC2EiiP7QWidget
FNDA:80,_ZN10CardWidgetC2EiiP7QWidget
FN:13,_ZNK10CardWidget5getIdEv
FNDA:80,_ZNK10CardWidget5getIdEv
FN:18,_ZN10CardWidget4hideEv
FNDA:40,_ZN10CardWidget4hideEv
FN:24,_ZN10CardWidget6revealEv
FNDA:120,_ZN10CardWidget6revealEv
FN:30,_ZN10CardWidget15mousePressEventEP11QMouseEvent
FNDA:41,_ZN10CardWidget15mousePressEventEP11QMouseEvent
FN:41,_ZN10CardWidget10paintEventEP11QPaintEvent
FNDA:3897,_ZN10CardWidget10paintEventEP11QPaintEvent
DA:5,80
DA:7,240
DA:8,80
DA:10,80
DA:11,80
DA:13,80
DA:15,80
DA:18,40
DA:20,40
DA:21,40
DA:22,40
DA:24,120
DA:26,120
DA:27,120
DA:28,120
DA:30,41
DA:33,41
DA:35,40
DA:36,40
DA:38,41
DA:39,41
DA:41,3897
DA:43,7794
DA:45,3897
DA:47,1293
DA:51,2604
DA:52,2604
DA:55,3897
DA:56,3897
end_of_record
SF:/usr/include/x86_64-linux-gnu/qt5/QtCore/qbasicatomic.h
FN:103,_ZNK19QBasicAtomicIntegerIiE4loadEv
FNDA:0,_ZNK19QBasicAtomicIntegerIiE4loadEv
FN:114,_ZN19QBasicAtomicIntegerIiE3refEv
FNDA:730,_ZN19QBasicAtomicIntegerIiE3refEv
FN:115,_ZN19QBasicAtomicIntegerIiE5derefEv
FNDA:0,_ZN19QBasicAtomicIntegerIiE5derefEv
DA:103,0
DA:114,730
DA:115,0
end_of_record
SF:/usr/include/x86_64-linux-gnu/qt5/QtCore/qshareddata.h
FN:233,_ZN28QExplicitlySharedDataPointerI15QPlatformPixmapE4swapERS1_
FNDA:88,_ZN28QExplicitlySharedDataPointerI15QPlatformPixmapE4swapERS1_
FN:304,_Z5qSwapI15QPlatformPixmapEvR28QExplicitlySharedDataPointerIT_ES4_
FNDA:88,_Z5qSwapI15QPlatformPixmapEvR28QExplicitlySharedDataPointerIT_ES4_
DA:233,88
DA:234,88
DA:304,88
DA:305,88
end_of_record
SF:/usr/include/x86_64-linux-gnu/qt5/QtCore/qflags.h
FN:120,_ZN6QFlagsIN2Qt19ImageConversionFlagEEC2ES1_
FNDA:96,_ZN6QFlagsIN2Qt19ImageConversionFlagEEC2ES1_
FN:121,_ZN6QFlagsIN2Qt10WindowTypeEEC2EMNS2_7PrivateEi
FNDA:192,_ZN6QFlagsIN2Qt10WindowTypeEEC2EMNS2_7PrivateEi
DA:120,96
DA:121,192
end_of_record
SF:/usr/include/x86_64-linux-gnu/qt5/QtCore/qrefcount.h
FN:54,_ZN9QtPrivate8RefCount3refEv
FNDA:734,_ZN9QtPrivate8RefCount3refEv
FN:65,_ZN9QtPrivate8RefCount5derefEv
FNDA:0,_ZN9QtPrivate8RefCount5derefEv
DA:54,734
DA:55,734
DA:57,734
DA:58,0
DA:60,734
DA:61,730
DA:62,734
DA:65,0
DA:66,0
DA:68,0
DA:69,0
DA:71,0
DA:72,0
DA:73,0
end_of_record
SF:/usr/include/c++/9/bits/move.h
FN:99,_ZSt4moveIRP15QPlatformPixmapEONSt16remove_referenceIT_E4typeEOS4_
FNDA:264,_ZSt4moveIRP15QPlatformPixmapEONSt16remove_referenceIT_E4typeEOS4_
FN:182,_ZSt4swapIP15QPlatformPixmapENSt9enable_ifIXsrSt6__and_IJSt6__not_ISt15__is_tuple_likeIT_EESt21is_move_constructibleIS6_ESt18is_move_assignableIS6_EEE5valueEvE4typeERS6_SG_
FNDA:88,_ZSt4swapIP15QPlatformPixmapENSt9enable_ifIXsrSt6__and_IJSt6__not_ISt15__is_tuple_likeIT_EESt21is_move_constructibleIS6_ESt18is_move_assignableIS6_EEE5valueEvE4typeERS6_SG_
DA:99,264
DA:100,264
DA:182,88
DA:193,88
DA:194,88
DA:195,88
DA:196,88
end_of_record
SF:/usr/include/x86_64-linux-gnu/qt5/QtWidgets/qwidget.h
FN:853,_ZNK7QWidget5widthEv
FNDA:3897,_ZNK7QWidget5widthEv
FN:856,_ZNK7QWidget6heightEv
FNDA:3897,_ZNK7QWidget6heightEv
DA:853,3897
DA:854,3897
DA:856,3897
DA:857,3897
end_of_record
SF:/usr/include/x86_64-linux-gnu/qt5/QtCore/qglobal.h
FN:911,_Z5qSwapIP15QPlatformPixmapEvRT_S3_
FNDA:88,_Z5qSwapIP15QPlatformPixmapEvRT_S3_
DA:911,88
DA:915,88
DA:916,88
end_of_record
SF:/usr/include/x86_64-linux-gnu/qt5/QtGui/qpixmap.h
FN:77,_ZN7QPixmapaSEOS_
FNDA:88,_ZN7QPixmapaSEOS_
DA:77,88
DA:78,88
end_of_record
SF:/usr/include/x86_64-linux-gnu/qt5/QtCore/qatomic_cxx11.h
FN:225,_ZN10QAtomicOpsIiE4loadIiEET_RKSt6atomicIS2_E
FNDA:0,_ZN10QAtomicOpsIiE4loadIiEET_RKSt6atomicIS2_E
FN:263,_ZN10QAtomicOpsIiE3refIiEEbRSt6atomicIT_E
FNDA:730,_ZN10QAtomicOpsIiE3refIiEEbRSt6atomicIT_E
FN:269,_ZN10QAtomicOpsIiE5derefIiEEbRSt6atomicIT_E
FNDA:0,_ZN10QAtomicOpsIiE5derefIiEEbRSt6atomicIT_E
DA:225,0
DA:227,0
DA:263,730
DA:265,730
DA:269,0
DA:271,0
end_of_record
SF:/usr/include/x86_64-linux-gnu/qt5/QtGui/qpainter.h
FN:718,_ZN8QPainter8fillRectEiiiiRK6QColor
FNDA:2604,_ZN8QPainter8fillRectEiiiiRK6QColor
FN:808,_ZN8QPainter10drawPixmapEiiiiRK7QPixmap
FNDA:1293,_ZN8QPainter10drawPixmapEiiiiRK7QPixmap
DA:718,2604
DA:720,2604
DA:721,2604
DA:808,1293
DA:810,1293
DA:811,1293
end_of_record
SF:/usr/include/x86_64-linux-gnu/qt5/QtCore/qrect.h
FN:184,_ZN5QRectC2Eiiii
FNDA:16706,_ZN5QRectC2Eiiii
FN:265,_ZNK5QRect5widthEv
FNDA:3929,_ZNK5QRect5widthEv
FN:268,_ZNK5QRect6heightEv
FNDA:3929,_ZNK5QRect6heightEv
FN:514,_ZN6QRectFC2Ev
FNDA:1293,_ZN6QRectFC2Ev
FN:644,_ZN6QRectFC2Edddd
FNDA:1293,_ZN6QRectFC2Edddd
DA:184,16706
DA:185,16706
DA:265,3929
DA:266,3929
DA:268,3929
DA:269,3929
DA:514,1293
DA:644,1293
DA:645,1293
DA:647,1293
end_of_record
SF:/usr/include/x86_64-linux-gnu/qt5/QtGui/qcolor.h
FN:79,_ZN6QColorC2EPKc
FNDA:2604,_ZN6QColorC2EPKc
FN:289,_ZN6QColorC2E13QLatin1String
FNDA:2604,_ZN6QColorC2E13QLatin1String
DA:79,2604
DA:289,2604
DA:290,2604
end_of_record
SF:/usr/include/x86_64-linux-gnu/qt5/QtCore/qstring.h
FN:95,_ZN13QLatin1StringC2EPKc
FNDA:2604,_ZN13QLatin1StringC2EPKc
FN:483,_ZN7QStringpLERKS_
FNDA:312,_ZN7QStringpLERKS_
FN:570,_ZN7QString8fromUtf8EPKci
FNDA:1259,_ZN7QString8fromUtf8EPKci
FN:957,_ZN7QStringC2ERKS_
FNDA:658,_ZN7QStringC2ERKS_
FN:1135,_ZN7QStringD2Ev
FNDA:0,_ZN7QStringD2Ev
FN:1356,_ZplRK7QStringPKc
FNDA:150,_ZplRK7QStringPKc
FN:1358,_ZplPKcRK7QString
FNDA:145,_ZplPKcRK7QString
DA:95,2604
DA:483,312
DA:570,1259
DA:572,1259
DA:957,658
DA:958,658
DA:1135,0
DA:1356,150
DA:1357,150
DA:1358,145
DA:1359,145
end_of_record
SF:/usr/include/x86_64-linux-gnu/qt5/QtCore/qarraydata.h
FN:236,_ZN15QTypedArrayDataItE10deallocateEP10QArrayData
FNDA:0,_ZN15QTypedArrayDataItE10deallocateEP10QArrayData
DA:236,0
DA:239,0
DA:240,0
end_of_record
TN:
SF:/usr/include/x86_64-linux-gnu/qt5/QtCore/qchar.h
FN:82,_ZN5QCharC2Et
FNDA:358,_ZN5QCharC2Et
FN:86,_ZN5QCharC2Ei
FNDA:0,_ZN5QCharC2Ei
FN:600,_Zeq5QCharS_
FNDA:0,_Zeq5QCharS_
DA:82,358
DA:86,0
DA:600,0
end_of_record
SF:/usr/include/x86_64-linux-gnu/qt5/QtCore/qarraydata.h
FN:57,_ZN10QArrayData4dataEv
FNDA:0,_ZN10QArrayData4dataEv
FN:123,_ZN10QArrayData10sharedNullEv
FNDA:0,_ZN10QArrayData10sharedNullEv
FN:208,_ZN15QTypedArrayDataItE4dataEv
FNDA:0,_ZN15QTypedArrayDataItE4dataEv
FN:208,_ZN15QTypedArrayDataIcE4dataEv
FNDA:0,_ZN15QTypedArrayDataIcE4dataEv
FN:236,_ZN15QTypedArrayDataItE10deallocateEP10QArrayData
FNDA:0,_ZN15QTypedArrayDataItE10deallocateEP10QArrayData
FN:236,_ZN15QTypedArrayDataIcE10deallocateEP10QArrayData
FNDA:0,_ZN15QTypedArrayDataIcE10deallocateEP10QArrayData
FN:257,_ZN15QTypedArrayDataItE10sharedNullEv
FNDA:0,_ZN15QTypedArrayDataItE10sharedNullEv
DA:57,0
DA:61,0
DA:123,0
DA:208,0
DA:208,0
DA:236,0
DA:239,0
DA:240,0
DA:236,0
DA:239,0
DA:240,0
DA:257,0
DA:260,0
end_of_record
SF:/usr/include/x86_64-linux-gnu/qt5/QtCore/qstringlist.h
FN:69,_ZN19QListSpecialMethodsI7QStringED2Ev
FNDA:0,_ZN19QListSpecialMethodsI7QStringED2Ev
DA:69,0
end_of_record
SF:/usr/include/x86_64-linux-gnu/qt5/QtGui/qcolor.h
FN:286,_ZN6QColorC2Eiiii
FNDA:0,_ZN6QColorC2Eiiii
DA:286,0
DA:287,0
end_of_record
SF:/usr/include/x86_64-linux-gnu/qt5/QtCore/qbytearray.h
FN:76,_Z8qstrnlenPKcj
FNDA:0,_Z8qstrnlenPKcj
FN:476,_ZN10QByteArrayD2Ev
FNDA:0,_ZN10QByteArrayD2Ev
FN:477,_ZNK10QByteArray4sizeEv
FNDA:0,_ZNK10QByteArray4sizeEv
FN:497,_ZNK10QByteArray4dataEv
FNDA:0,_ZNK10QByteArray4dataEv
FN:499,_ZNK10QByteArray9constDataEv
FNDA:0,_ZNK10QByteArray9constDataEv
FN:505,_ZN10QByteArrayC2ERKS_
FNDA:0,_ZN10QByteArrayC2ERKS_
FN:590,_ZN10QByteArraypLEPKc
FNDA:0,_ZN10QByteArraypLEPKc
FN:592,_ZN10QByteArraypLERKS_
FNDA:0,_ZN10QByteArraypLERKS_
FN:659,_ZplRK10QByteArrayPKc
FNDA:0,_ZplRK10QByteArrayPKc
FN:663,_ZplPKcRK10QByteArray
FNDA:0,_ZplPKcRK10QByteArray
DA:76,0
DA:78,0
DA:79,0
DA:80,0
DA:81,0
DA:83,0
DA:476,0
DA:477,0
DA:478,0
DA:497,0
DA:498,0
DA:499,0
DA:500,0
DA:505,0
DA:506,0
DA:590,0
DA:591,0
DA:592,0
DA:593,0
DA:659,0
DA:660,0
DA:663,0
DA:664,0
end_of_record
SF:/usr/include/x86_64-linux-gnu/qt5/QtCore/qrect.h
FN:184,_ZN5QRectC2Eiiii
FNDA:0,_ZN5QRectC2Eiiii
FN:265,_ZNK5QRect5widthEv
FNDA:0,_ZNK5QRect5widthEv
FN:268,_ZNK5QRect6heightEv
FNDA:0,_ZNK5QRect6heightEv
FN:271,_ZNK5QRect4sizeEv
FNDA:0,_ZNK5QRect4sizeEv
DA:184,0
DA:185,0
DA:265,0
DA:266,0
DA:268,0
DA:269,0
DA:271,0
DA:272,0
end_of_record
SF:/usr/include/x86_64-linux-gnu/qt5/QtCore/qtimer.h
FN:108,_ZN6QTimer10singleShotIiM7ReckoUIFvvEEEvT_PKN9QtPrivate15FunctionPointerIT0_E6ObjectES7_
FNDA:5,_ZN6QTimer10singleShotIiM7ReckoUIFvvEEEvT_PKN9QtPrivate15FunctionPointerIT0_E6ObjectES7_
FN:113,_ZN6QTimer10singleShotIiM7ReckoUIFvvEEEvT_N2Qt9TimerTypeEPKN9QtPrivate15FunctionPointerIT0_E6ObjectES9_
FNDA:5,_ZN6QTimer10singleShotIiM7ReckoUIFvvEEEvT_N2Qt9TimerTypeEPKN9QtPrivate15FunctionPointerIT0_E6ObjectES9_
FN:221,_ZN6QTimer14defaultTypeForEi
FNDA:0,_ZN6QTimer14defaultTypeForEi
DA:108,5
DA:110,5
DA:111,5
DA:113,5
DA:122,5
DA:123,5
DA:124,5
DA:221,0
DA:222,0
end_of_record
SF:/usr/include/x86_64-linux-gnu/qt5/QtCore/qstring.h
FN:239,_ZNK7QString4sizeEv
FNDA:0,_ZNK7QString4sizeEv
FN:270,_ZNK7QString5frontEv
FNDA:134,_ZNK7QString5frontEv
FN:430,_ZNKR7QString7toUpperEv
FNDA:9,_ZNKR7QString7toUpperEv
FN:438,_ZNKR7QString7trimmedEv
FNDA:9,_ZNKR7QString7trimmedEv
FN:549,_ZNKR7QString6toUtf8Ev
FNDA:0,_ZNKR7QString6toUtf8Ev
FN:570,_ZN7QString8fromUtf8EPKci
FNDA:0,_ZN7QString8fromUtf8EPKci
FN:580,_ZN7QString8fromUtf8ERK10QByteArray
FNDA:0,_ZN7QString8fromUtf8ERK10QByteArray
FN:699,_ZN7QStringC2EPKc
FNDA:0,_ZN7QStringC2EPKc
FN:702,_ZN7QStringC2ERK10QByteArray
FNDA:0,_ZN7QStringC2ERK10QByteArray
FN:933,_ZNK7QString6lengthEv
FNDA:0,_ZNK7QString6lengthEv
FN:935,_ZNK7QString2atEi
FNDA:358,_ZNK7QString2atEi
FN:941,_ZNK7QString7isEmptyEv
FNDA:0,_ZNK7QString7isEmptyEv
FN:949,_ZNK7QString9constDataEv
FNDA:0,_ZNK7QString9constDataEv
FN:957,_ZN7QStringC2ERKS_
FNDA:0,_ZN7QStringC2ERKS_
FN:1134,_ZN7QStringC2Ev
FNDA:0,_ZN7QStringC2Ev
FN:1135,_ZN7QStringD2Ev
FNDA:0,_ZN7QStringD2Ev
FN:1184,_ZNK7QString8containsERKS_N2Qt15CaseSensitivityE
FNDA:0,_ZNK7QString8containsERKS_N2Qt15CaseSensitivityE
FN:1239,_ZNK7QStringneEPKc
FNDA:16,_ZNK7QStringneEPKc
FN:1681,_Zeq5QCharRK7QString
FNDA:134,_Zeq5QCharRK7QString
DA:239,0
DA:270,134
DA:430,9
DA:431,9
DA:438,9
DA:439,9
DA:549,0
DA:550,0
DA:570,0
DA:572,0
DA:580,0
DA:581,0
DA:699,0
DA:700,0
DA:701,0
DA:702,0
DA:703,0
DA:704,0
DA:933,0
DA:934,0
DA:935,358
DA:936,358
DA:941,0
DA:942,0
DA:949,0
DA:950,0
DA:957,0
DA:958,0
DA:1134,0
DA:1135,0
DA:1184,0
DA:1185,0
DA:1239,16
DA:1240,16
DA:1681,134
DA:1682,134
end_of_record
SF:/usr/include/x86_64-linux-gnu/qt5/QtGui/qfont.h
FN:341,_ZN5QFont7setBoldEb
FNDA:0,_ZN5QFont7setBoldEb
DA:341,0
DA:342,0
end_of_record
SF:/usr/include/x86_64-linux-gnu/qt5/QtGui/qpalette.h
FN:200,_ZN8QPalette8setBrushENS_9ColorRoleERK6QBrush
FNDA:0,_ZN8QPalette8setBrushENS_9ColorRoleERK6QBrush
DA:200,0
DA:201,0
end_of_record
SF:/usr/include/x86_64-linux-gnu/qt5/QtCore/qatomic_cxx11.h
FN:225,_ZN10QAtomicOpsIiE4loadIiEET_RKSt6atomicIS2_E
FNDA:0,_ZN10QAtomicOpsIiE4loadIiEET_RKSt6atomicIS2_E
FN:263,_ZN10QAtomicOpsIiE3refIiEEbRSt6atomicIT_E
FNDA:0,_ZN10QAtomicOpsIiE3refIiEEbRSt6atomicIT_E
FN:269,_ZN10QAtomicOpsIiE5derefIiEEbRSt6atomicIT_E
FNDA:0,_ZN10QAtomicOpsIiE5derefIiEEbRSt6atomicIT_E
DA:225,0
DA:227,0
DA:263,0
DA:265,0
DA:269,0
DA:271,0
end_of_record
SF:/usr/include/c++/9/new
FN:173,_ZnwmPv
FNDA:0,_ZnwmPv
DA:173,0
DA:174,0
end_of_record
SF:/usr/include/x86_64-linux-gnu/qt5/QtWidgets/qwidget.h
FN:787,_ZN7QWidget14setMinimumSizeERK5QSize
FNDA:0,_ZN7QWidget14setMinimumSizeERK5QSize
FN:790,_ZN7QWidget14setMaximumSizeERK5QSize
FNDA:0,_ZN7QWidget14setMaximumSizeERK5QSize
FN:838,_ZN7QWidget6resizeEii
FNDA:0,_ZN7QWidget6resizeEii
FN:850,_ZNK7QWidget4sizeEv
FNDA:0,_ZNK7QWidget4sizeEv
DA:787,0
DA:788,0
DA:790,0
DA:791,0
DA:838,0
DA:839,0
DA:850,0
DA:851,0
end_of_record
SF:/usr/include/c++/9/atomic
FN:759,_ZNSt6atomicIiEC2Ei
FNDA:0,_ZNSt6atomicIiEC2Ei
DA:759,0
end_of_record
SF:/usr/include/x86_64-linux-gnu/qt5/QtCore/qsize.h
FN:119,_ZN5QSizeC2Eii
FNDA:0,_ZN5QSizeC2Eii
FN:130,_ZNK5QSize5widthEv
FNDA:0,_ZNK5QSize5widthEv
FN:133,_ZNK5QSize6heightEv
FNDA:0,_ZNK5QSize6heightEv
DA:119,0
DA:130,0
DA:131,0
DA:133,0
DA:134,0
end_of_record
SF:/usr/include/x86_64-linux-gnu/qt5/QtCore/qiodevice.h
FN:136,_ZN9QIODevice5writeERK10QByteArray
FNDA:0,_ZN9QIODevice5writeERK10QByteArray
DA:136,0
DA:137,0
end_of_record
SF:/usr/include/x86_64-linux-gnu/qt5/QtCore/qdebug.h
FN:125,_ZN6QDebug10maybeSpaceEv
FNDA:0,_ZN6QDebug10maybeSpaceEv
FN:137,_ZN6QDebuglsEb
FNDA:0,_ZN6QDebuglsEb
FN:145,_ZN6QDebuglsEi
FNDA:0,_ZN6QDebuglsEi
FN:153,_ZN6QDebuglsEPKc
FNDA:0,_ZN6QDebuglsEPKc
FN:155,_ZN6QDebuglsERK7QString
FNDA:0,_ZN6QDebuglsERK7QString
FN:165,_ZN6QDebuglsEPFR11QTextStreamS1_E
FNDA:0,_ZN6QDebuglsEPFR11QTextStreamS1_E
DA:125,0
DA:137,0
DA:145,0
DA:153,0
DA:155,0
DA:165,0
DA:166,0
DA:167,0
end_of_record
SF:/usr/include/x86_64-linux-gnu/qt5/QtCore/qtextstream.h
FN:230,_ZlsR11QTextStreamPFS0_S0_E
FNDA:0,_ZlsR11QTextStreamPFS0_S0_E
DA:230,0
DA:231,0
end_of_record
SF:/usr/include/x86_64-linux-gnu/qt5/QtCore/qlogging.h
FN:68,_ZN18QMessageLogContextC2EPKciS1_S1_
FNDA:0,_ZN18QMessageLogContextC2EPKciS1_S1_
FN:91,_ZN14QMessageLoggerC2EPKciS1_
FNDA:0,_ZN14QMessageLoggerC2EPKciS1_
DA:68,0
DA:69,0
DA:91,0
DA:92,0
end_of_record
SF:/home/user/Desktop/pobedi-me-ako-znas/build/application/application_autogen/include/ui_reckoui.h
FN:92,_ZN10Ui_ReckoUI7setupUiEP11QMainWindow
FNDA:2,_ZN10Ui_ReckoUI7setupUiEP11QMainWindow
FN:565,_ZN10Ui_ReckoUI13retranslateUiEP11QMainWindow
FNDA:2,_ZN10Ui_ReckoUI13retranslateUiEP11QMainWindow
DA:92,2
DA:94,2
DA:95,2
DA:96,2
DA:97,2
DA:98,2
DA:99,2
DA:100,2
DA:101,2
DA:102,2
DA:103,2
DA:104,2
DA:105,2
DA:106,2
DA:107,2
DA:108,2
DA:109,2
DA:110,2
DA:111,2
DA:112,2
DA:113,2
DA:114,2
DA:115,2
DA:116,2
DA:117,2
DA:119,2
DA:121,2
DA:122,2
DA:123,2
DA:124,2
DA:125,2
DA:126,2
DA:128,2
DA:130,2
DA:131,2
DA:132,2
DA:133,2
DA:134,2
DA:135,2
DA:137,2
DA:139,2
DA:140,2
DA:141,2
DA:142,2
DA:143,2
DA:144,2
DA:146,2
DA:148,2
DA:149,2
DA:150,2
DA:151,2
DA:152,2
DA:153,2
DA:155,2
DA:158,2
DA:160,2
DA:161,2
DA:162,2
DA:164,2
DA:167,2
DA:169,2
DA:170,2
DA:171,2
DA:172,2
DA:173,2
DA:174,2
DA:175,2
DA:176,2
DA:177,2
DA:178,2
DA:179,2
DA:181,2
DA:183,2
DA:184,2
DA:185,2
DA:186,2
DA:187,2
DA:188,2
DA:190,2
DA:192,2
DA:193,2
DA:194,2
DA:195,2
DA:196,2
DA:197,2
DA:199,2
DA:201,2
DA:202,2
DA:203,2
DA:204,2
DA:205,2
DA:206,2
DA:208,2
DA:210,2
DA:211,2
DA:212,2
DA:213,2
DA:214,2
DA:215,2
DA:217,2
DA:220,2
DA:222,2
DA:223,2
DA:224,2
DA:226,2
DA:229,2
DA:231,2
DA:232,2
DA:233,2
DA:234,2
DA:235,2
DA:236,2
DA:237,2
DA:238,2
DA:239,2
DA:240,2
DA:241,2
DA:243,2
DA:245,2
DA:246,2
DA:247,2
DA:248,2
DA:249,2
DA:250,2
DA:252,2
DA:254,2
DA:255,2
DA:256,2
DA:257,2
DA:258,2
DA:259,2
DA:261,2
DA:263,2
DA:264,2
DA:265,2
DA:266,2
DA:267,2
DA:268,2
DA:270,2
DA:272,2
DA:273,2
DA:274,2
DA:275,2
DA:276,2
DA:277,2
DA:279,2
DA:282,2
DA:284,2
DA:285,2
DA:286,2
DA:288,2
DA:291,2
DA:293,2
DA:294,2
DA:295,2
DA:296,2
DA:297,2
DA:298,2
DA:299,2
DA:300,2
DA:301,2
DA:302,2
DA:303,2
DA:305,2
DA:307,2
DA:308,2
DA:309,2
DA:310,2
DA:311,2
DA:312,2
DA:314,2
DA:316,2
DA:317,2
DA:318,2
DA:319,2
DA:320,2
DA:321,2
DA:323,2
DA:325,2
DA:326,2
DA:327,2
DA:328,2
DA:329,2
DA:330,2
DA:332,2
DA:334,2
DA:335,2
DA:336,2
DA:337,2
DA:338,2
DA:339,2
DA:341,2
DA:344,2
DA:346,2
DA:347,2
DA:348,2
DA:350,2
DA:353,2
DA:355,2
DA:356,2
DA:357,2
DA:358,2
DA:359,2
DA:360,2
DA:361,2
DA:362,2
DA:363,2
DA:364,2
DA:365,2
DA:367,2
DA:369,2
DA:370,2
DA:371,2
DA:372,2
DA:373,2
DA:374,2
DA:376,2
DA:378,2
DA:379,2
DA:380,2
DA:381,2
DA:382,2
DA:383,2
DA:385,2
DA:387,2
DA:388,2
DA:389,2
DA:390,2
DA:391,2
DA:392,2
DA:394,2
DA:396,2
DA:397,2
DA:398,2
DA:399,2
DA:400,2
DA:401,2
DA:403,2
DA:406,2
DA:408,2
DA:409,2
DA:410,2
DA:412,2
DA:415,2
DA:417,2
DA:418,2
DA:419,2
DA:420,2
DA:421,2
DA:422,2
DA:423,2
DA:424,2
DA:425,2
DA:426,2
DA:427,2
DA:428,2
DA:430,2
DA:432,2
DA:433,2
DA:434,2
DA:435,2
DA:436,2
DA:437,2
DA:439,2
DA:441,2
DA:442,2
DA:443,2
DA:444,2
DA:445,2
DA:446,2
DA:448,2
DA:450,2
DA:451,2
DA:452,2
DA:453,2
DA:454,2
DA:455,2
DA:457,2
DA:459,2
DA:460,2
DA:461,2
DA:462,2
DA:463,2
DA:464,2
DA:466,2
DA:468,2
DA:469,2
DA:470,2
DA:471,2
DA:472,2
DA:473,2
DA:474,2
DA:475,2
DA:476,4
DA:477,2
DA:478,2
DA:479,2
DA:480,2
DA:482,2
DA:483,2
DA:485,2
DA:487,2
DA:488,2
DA:490,2
DA:492,2
DA:493,2
DA:494,2
DA:495,4
DA:496,4
DA:497,2
DA:498,2
DA:499,4
DA:500,2
DA:501,2
DA:502,2
DA:503,4
DA:504,2
DA:506,2
DA:508,2
DA:509,2
DA:510,2
DA:512,2
DA:514,2
DA:515,2
DA:516,2
DA:518,2
DA:520,2
DA:521,4
DA:522,2
DA:523,2
DA:524,2
DA:525,2
DA:526,2
DA:527,2
DA:528,2
DA:529,2
DA:530,2
DA:531,2
DA:532,2
DA:533,2
DA:534,2
DA:535,2
DA:536,2
DA:537,2
DA:538,2
DA:539,2
DA:541,2
DA:542,2
DA:544,2
DA:546,2
DA:547,2
DA:549,2
DA:551,2
DA:552,2
DA:553,2
DA:554,2
DA:555,2
DA:556,2
DA:557,2
DA:558,2
DA:560,2
DA:562,2
DA:563,2
DA:565,2
DA:567,2
DA:568,2
DA:569,2
DA:570,2
DA:571,2
DA:572,2
DA:573,2
DA:574,2
end_of_record
SF:/usr/include/x86_64-linux-gnu/qt5/QtCore/qrefcount.h
FN:54,_ZN9QtPrivate8RefCount3refEv
FNDA:0,_ZN9QtPrivate8RefCount3refEv
FN:65,_ZN9QtPrivate8RefCount5derefEv
FNDA:0,_ZN9QtPrivate8RefCount5derefEv
FN:99,_ZNK9QtPrivate8RefCount8isSharedEv
FNDA:0,_ZNK9QtPrivate8RefCount8isSharedEv
DA:54,0
DA:55,0
DA:57,0
DA:58,0
DA:60,0
DA:61,0
DA:62,0
DA:65,0
DA:66,0
DA:68,0
DA:69,0
DA:71,0
DA:72,0
DA:73,0
DA:99,0
DA:101,0
DA:102,0
end_of_record
SF:/usr/include/x86_64-linux-gnu/qt5/QtCore/qobject.h
FN:228,_ZN7QObject7connectIM7ReckoUIFvvES3_EEN11QMetaObject10ConnectionEPKN9QtPrivate15FunctionPointerIT_E6ObjectES8_PKNS7_IT0_E6ObjectESD_N2Qt14ConnectionTypeE
FNDA:3,_ZN7QObject7connectIM7ReckoUIFvvES3_EEN11QMetaObject10ConnectionEPKN9QtPrivate15FunctionPointerIT_E6ObjectES8_PKNS7_IT0_E6ObjectESD_N2Qt14ConnectionTypeE
FN:228,_ZN7QObject7connectIM15QAbstractButtonFvbEM7ReckoUIFvvEEEN11QMetaObject10ConnectionEPKN9QtPrivate15FunctionPointerIT_E6ObjectESB_PKNSA_IT0_E6ObjectESG_N2Qt14ConnectionTypeE
FNDA:15,_ZN7QObject7connectIM15QAbstractButtonFvbEM7ReckoUIFvvEEEN11QMetaObject10ConnectionEPKN9QtPrivate15FunctionPointerIT_E6ObjectESB_PKNSA_IT0_E6ObjectESG_N2Qt14ConnectionTypeE
FN:353,_ZN7QObject10disconnectIM7ReckoUIFvvES3_EEbPKN9QtPrivate15FunctionPointerIT_E6ObjectES6_PKNS5_IT0_E6ObjectESB_
FNDA:3,_ZN7QObject10disconnectIM7ReckoUIFvvES3_EEbPKN9QtPrivate15FunctionPointerIT_E6ObjectES6_PKNS5_IT0_E6ObjectESB_
FN:353,_ZN7QObject10disconnectIM15QAbstractButtonFvbEM7ReckoUIFvvEEEbPKN9QtPrivate15FunctionPointerIT_E6ObjectES9_PKNS8_IT0_E6ObjectESE_
FNDA:15,_ZN7QObject10disconnectIM15QAbstractButtonFvbEM7ReckoUIFvvEEEbPKN9QtPrivate15FunctionPointerIT_E6ObjectES9_PKNS8_IT0_E6ObjectESE_
FN:499,_Z12qobject_castIP11QPushButtonET_P7QObject
FNDA:0,_Z12qobject_castIP11QPushButtonET_P7QObject
FN:499,_Z12qobject_castIP9QLineEditET_P7QObject
FNDA:585,_Z12qobject_castIP9QLineEditET_P7QObject
FN:499,_Z12qobject_castIP11QHBoxLayoutET_P7QObject
FNDA:117,_Z12qobject_castIP11QHBoxLayoutET_P7QObject
DA:228,3
DA:246,3
DA:247,3
DA:248,0
DA:252,3
DA:254,3
DA:228,15
DA:246,15
DA:247,15
DA:248,0
DA:252,15
DA:254,15
DA:353,3
DA:366,3
DA:367,3
DA:353,15
DA:366,15
DA:367,15
DA:499,0
DA:504,0
DA:499,585
DA:504,585
DA:499,117
DA:504,117
end_of_record
SF:/home/user/Desktop/pobedi-me-ako-znas/application/recko.h
end_of_record
SF:/usr/include/x86_64-linux-gnu/qt5/QtCore/qflags.h
FN:120,_ZN6QFlagsIN2Qt19ImageConversionFlagEEC2ES1_
FNDA:0,_ZN6QFlagsIN2Qt19ImageConversionFlagEEC2ES1_
FN:120,_ZN6QFlagsIN2Qt13AlignmentFlagEEC2ES1_
FNDA:0,_ZN6QFlagsIN2Qt13AlignmentFlagEEC2ES1_
FN:121,_ZN6QFlagsIN2Qt13AlignmentFlagEEC2EMNS2_7PrivateEi
FNDA:0,_ZN6QFlagsIN2Qt13AlignmentFlagEEC2EMNS2_7PrivateEi
FN:121,_ZN6QFlagsIN2Qt10WindowTypeEEC2EMNS2_7PrivateEi
FNDA:0,_ZN6QFlagsIN2Qt10WindowTypeEEC2EMNS2_7PrivateEi
DA:120,0
DA:120,0
DA:121,0
DA:121,0
end_of_record
SF:/usr/include/x86_64-linux-gnu/qt5/QtCore/qlist.h
FN:100,_ZN9QListData7disposeEv
FNDA:0,_ZN9QListData7disposeEv
FN:116,_ZNK9QListData5beginEv
FNDA:0,_ZNK9QListData5beginEv
FN:117,_ZNK9QListData3endEv
FNDA:0,_ZNK9QListData3endEv
FN:142,_ZN5QListI7QStringE4Node1tEv
FNDA:0,_ZN5QListI7QStringE4Node1tEv
FN:172,_ZN5QListI7QStringE6detachEv
FNDA:0,_ZN5QListI7QStringE6detachEv
FN:235,_ZN5QListI7QStringE8iteratorC2EPNS1_4NodeE
FNDA:0,_ZN5QListI7QStringE8iteratorC2EPNS1_4NodeE
FN:241,_ZNK5QListI7QStringE8iteratordeEv
FNDA:0,_ZNK5QListI7QStringE8iteratordeEv
FN:245,_ZNK5QListI7QStringE8iteratorneERKS2_
FNDA:0,_ZNK5QListI7QStringE8iteratorneERKS2_
FN:264,_ZN5QListI7QStringE8iteratorppEv
FNDA:0,_ZN5QListI7QStringE8iteratorppEv
FN:324,_ZN5QListI7QStringE5beginEv
FNDA:0,_ZN5QListI7QStringE5beginEv
FN:328,_ZN5QListI7QStringE3endEv
FNDA:0,_ZN5QListI7QStringE3endEv
FN:459,_ZN5QListI7QStringE9node_copyEPNS1_4NodeES3_S3_
FNDA:0,_ZN5QListI7QStringE9node_copyEPNS1_4NodeES3_S3_
FN:494,_ZN5QListI7QStringE13node_destructEPNS1_4NodeES3_
FNDA:0,_ZN5QListI7QStringE13node_destructEPNS1_4NodeES3_
FN:786,_ZN5QListI7QStringE13detach_helperEi
FNDA:0,_ZN5QListI7QStringE13detach_helperEi
FN:803,_ZN5QListI7QStringE13detach_helperEv
FNDA:0,_ZN5QListI7QStringE13detach_helperEv
FN:827,_ZN5QListI7QStringED2Ev
FNDA:0,_ZN5QListI7QStringED2Ev
FN:866,_ZN5QListI7QStringE7deallocEPN9QListData4DataE
FNDA:0,_ZN5QListI7QStringE7deallocEPN9QListData4DataE
DA:100,0
DA:116,0
DA:117,0
DA:142,0
DA:144,0
DA:172,0
DA:235,0
DA:241,0
DA:245,0
DA:264,0
DA:324,0
DA:328,0
DA:459,0
DA:461,0
DA:477,0
DA:478,0
DA:479,0
DA:480,0
DA:491,0
DA:494,0
DA:499,0
DA:500,0
DA:786,0
DA:788,0
DA:789,0
DA:791,0
DA:792,0
DA:793,0
DA:794,0
DA:795,0
DA:798,0
DA:799,0
DA:800,0
DA:803,0
DA:805,0
DA:806,0
DA:827,0
DA:829,0
DA:830,0
DA:831,0
DA:866,0
DA:868,0
DA:869,0
DA:870,0
DA:871,0
end_of_record
SF:/usr/include/x86_64-linux-gnu/qt5/QtCore/qatomic.h
FN:60,_ZN14QAtomicIntegerIiEC2Ei
FNDA:0,_ZN14QAtomicIntegerIiEC2Ei
FN:162,_ZN10QAtomicIntC2Ei
FNDA:0,_ZN10QAtomicIntC2Ei
DA:60,0
DA:162,0
end_of_record
SF:/usr/include/x86_64-linux-gnu/qt5/QtCore/qbasicatomic.h
FN:103,_ZNK19QBasicAtomicIntegerIiE4loadEv
FNDA:0,_ZNK19QBasicAtomicIntegerIiE4loadEv
FN:114,_ZN19QBasicAtomicIntegerIiE3refEv
FNDA:0,_ZN19QBasicAtomicIntegerIiE3refEv
FN:115,_ZN19QBasicAtomicIntegerIiE5derefEv
FNDA:0,_ZN19QBasicAtomicIntegerIiE5derefEv
FN:221,_ZN19QBasicAtomicIntegerIiEC2Ei
FNDA:0,_ZN19QBasicAtomicIntegerIiEC2Ei
DA:103,0
DA:114,0
DA:115,0
DA:221,0
end_of_record
SF:/home/user/Desktop/pobedi-me-ako-znas/application/reckoui.cpp
FN:5,_ZN7ReckoUIC2EP7QWidget
FNDA:0,_ZN7ReckoUIC2EP7QWidget
FN:25,_ZN7ReckoUIC2EP7QWidgetP10QTcpSocket7QStringS4_bii
FNDA:2,_ZN7ReckoUIC2EP7QWidgetP10QTcpSocket7QStringS4_bii
FN:58,_ZN7ReckoUI5getUiEv
FNDA:0,_ZN7ReckoUI5getUiEv
FN:63,_ZN7ReckoUI7getTimeEv
FNDA:0,_ZN7ReckoUI7getTimeEv
FN:68,_ZN7ReckoUI9startGameEv
FNDA:5,_ZN7ReckoUI9startGameEv
FN:89,_ZN7ReckoUI11restartGameEv
FNDA:3,_ZN7ReckoUI11restartGameEv
FN:117,_ZN7ReckoUID2Ev
FNDA:2,_ZN7ReckoUID2Ev
FN:117,_ZN7ReckoUID0Ev
FNDA:2,_ZN7ReckoUID0Ev
FN:124,_ZN7ReckoUI15setUpBackgroundEv
FNDA:2,_ZN7ReckoUI15setUpBackgroundEv
FN:133,_ZN7ReckoUI24on_pbPotvrdi1MultiplayerEv
FNDA:2,_ZN7ReckoUI24on_pbPotvrdi1MultiplayerEv
FN:141,_ZN7ReckoUI24on_pbPotvrdi2MultiplayerEv
FNDA:2,_ZN7ReckoUI24on_pbPotvrdi2MultiplayerEv
FN:149,_ZN7ReckoUI24on_pbPotvrdi3MultiplayerEv
FNDA:3,_ZN7ReckoUI24on_pbPotvrdi3MultiplayerEv
FN:157,_ZN7ReckoUI24on_pbPotvrdi4MultiplayerEv
FNDA:2,_ZN7ReckoUI24on_pbPotvrdi4MultiplayerEv
FN:165,_ZN7ReckoUI24on_pbPotvrdi5MultiplayerEv
FNDA:0,_ZN7ReckoUI24on_pbPotvrdi5MultiplayerEv
FN:174,_ZN7ReckoUI13on_pbPotvrdi1Ev
FNDA:0,_ZN7ReckoUI13on_pbPotvrdi1Ev
FN:191,_ZN7ReckoUI13on_pbPotvrdi2Ev
FNDA:0,_ZN7ReckoUI13on_pbPotvrdi2Ev
FN:208,_ZN7ReckoUI13on_pbPotvrdi3Ev
FNDA:0,_ZN7ReckoUI13on_pbPotvrdi3Ev
FN:225,_ZN7ReckoUI13on_pbPotvrdi4Ev
FNDA:0,_ZN7ReckoUI13on_pbPotvrdi4Ev
FN:242,_ZN7ReckoUI13on_pbPotvrdi5Ev
FNDA:0,_ZN7ReckoUI13on_pbPotvrdi5Ev
FN:259,_ZN7ReckoUI5quessEv
FNDA:0,_ZN7ReckoUI5quessEv
FN:292,_ZN7ReckoUI8colorRowE7QString
FNDA:16,_ZN7ReckoUI8colorRowE7QString
FN:315,_ZN7ReckoUI9writeWordE7QString
FNDA:16,_ZN7ReckoUI9writeWordE7QString
FN:332,_ZN7ReckoUI7getWordEv
FNDA:9,_ZN7ReckoUI7getWordEv
FN:351,_ZN7ReckoUI10disableRowEib
FNDA:51,_ZN7ReckoUI10disableRowEib
FN:373,_ZN7ReckoUI9setUpRowsEv
FNDA:5,_ZN7ReckoUI9setUpRowsEv
FN:383,_ZN7ReckoUI12clearAllRowsEv
FNDA:3,_ZN7ReckoUI12clearAllRowsEv
FN:392,_ZN7ReckoUI8clearRowEi
FNDA:15,_ZN7ReckoUI8clearRowEi
FN:407,_ZN7ReckoUI10updateTimeEv
FNDA:204,_ZN7ReckoUI10updateTimeEv
FN:423,_ZN7ReckoUI10on_timesUpEv
FNDA:0,_ZN7ReckoUI10on_timesUpEv
FN:430,_ZN7ReckoUI11on_mTimesUpEv
FNDA:1,_ZN7ReckoUI11on_mTimesUpEv
FN:437,_ZN7ReckoUI11on_gameEndsEv
FNDA:0,_ZN7ReckoUI11on_gameEndsEv
FN:444,_ZN7ReckoUI15disableSolutionEv
FNDA:5,_ZN7ReckoUI15disableSolutionEv
FN:459,_ZN7ReckoUI13clearSolutionEv
FNDA:3,_ZN7ReckoUI13clearSolutionEv
FN:475,_ZN7ReckoUI12showSolutionE7QString
FNDA:2,_ZN7ReckoUI12showSolutionE7QString
FN:492,_ZN7ReckoUI11onReadyReadEv
FNDA:18,_ZN7ReckoUI11onReadyReadEv
FN:508,_ZN7ReckoUI20processServerMessageE7QString
FNDA:40,_ZN7ReckoUI20processServerMessageE7QString
FN:578,_ZN7ReckoUI7endGameEv
FNDA:2,_ZN7ReckoUI7endGameEv
FN:596,_ZN7ReckoUI11sendMessageEP10QTcpSocket7QString
FNDA:9,_ZN7ReckoUI11sendMessageEP10QTcpSocket7QString
FN:603,_ZN7ReckoUI10getPlayer1Ev
FNDA:0,_ZN7ReckoUI10getPlayer1Ev
FN:608,_ZN7ReckoUI10getPlayer2Ev
FNDA:0,_ZN7ReckoUI10getPlayer2Ev
FN:613,_ZN7ReckoUI16getPlayer1PointsEv
FNDA:4,_ZN7ReckoUI16getPlayer1PointsEv
FN:618,_ZN7ReckoUI16getPlayer2PointsEv
FNDA:4,_ZN7ReckoUI16getPlayer2PointsEv
DA:5,0
DA:6,0
DA:8,0
DA:9,0
DA:10,0
DA:11,0
DA:12,0
DA:13,0
DA:14,0
DA:15,0
DA:17,0
DA:19,0
DA:20,0
DA:21,0
DA:22,0
DA:23,0
DA:25,2
DA:26,2
DA:27,2
DA:29,2
DA:30,2
DA:31,2
DA:32,2
DA:33,2
DA:34,2
DA:35,2
DA:36,2
DA:37,2
DA:38,2
DA:39,2
DA:40,2
DA:41,2
DA:42,2
DA:44,2
DA:46,1
DA:47,1
DA:51,1
DA:52,1
DA:55,2
DA:56,2
DA:58,0
DA:60,0
DA:63,0
DA:65,0
DA:68,5
DA:70,5
DA:71,5
DA:72,5
DA:73,5
DA:75,3
DA:76,3
DA:77,3
DA:78,3
DA:79,3
DA:80,3
DA:84,2
DA:86,5
DA:89,3
DA:91,3
DA:92,3
DA:93,3
DA:95,3
DA:96,3
DA:98,1
DA:99,1
DA:100,1
DA:101,1
DA:102,1
DA:103,1
DA:104,1
DA:108,2
DA:110,3
DA:111,3
DA:112,3
DA:113,3
DA:114,3
DA:115,3
DA:117,2
DA:122,2
DA:117,2
DA:119,2
DA:120,2
DA:121,2
DA:122,2
DA:124,2
DA:126,4
DA:127,2
DA:128,4
DA:129,2
DA:130,2
DA:131,2
DA:133,2
DA:135,4
DA:136,2
DA:138,2
DA:140,2
DA:141,2
DA:143,4
DA:144,2
DA:146,2
DA:148,2
DA:149,3
DA:151,6
DA:152,3
DA:154,2
DA:156,3
DA:157,2
DA:159,4
DA:160,2
DA:162,2
DA:164,2
DA:165,0
DA:167,0
DA:168,0
DA:170,0
DA:172,0
DA:174,0
DA:176,0
DA:178,0
DA:179,0
DA:180,0
DA:181,0
DA:185,0
DA:186,0
DA:187,0
DA:191,0
DA:193,0
DA:195,0
DA:196,0
DA:197,0
DA:198,0
DA:202,0
DA:203,0
DA:204,0
DA:208,0
DA:210,0
DA:212,0
DA:213,0
DA:214,0
DA:215,0
DA:219,0
DA:220,0
DA:221,0
DA:225,0
DA:227,0
DA:229,0
DA:230,0
DA:231,0
DA:232,0
DA:236,0
DA:237,0
DA:238,0
DA:242,0
DA:244,0
DA:246,0
DA:247,0
DA:248,0
DA:249,0
DA:253,0
DA:254,0
DA:255,0
DA:259,0
DA:261,0
DA:262,0
DA:264,0
DA:265,0
DA:267,0
DA:269,0
DA:271,0
DA:273,0
DA:275,0
DA:276,0
DA:278,0
DA:280,0
DA:285,0
DA:287,0
DA:289,0
DA:292,16
DA:294,32
DA:295,16
DA:297,96
DA:299,80
DA:301,80
DA:303,80
DA:305,26
DA:307,54
DA:309,20
DA:313,16
DA:315,16
DA:317,16
DA:318,32
DA:319,16
DA:321,96
DA:323,80
DA:325,80
DA:327,80
DA:330,16
DA:332,9
DA:334,18
DA:335,9
DA:336,18
DA:337,54
DA:339,45
DA:341,45
DA:343,90
DA:344,45
DA:347,9
DA:348,18
DA:351,51
DA:353,51
DA:355,0
DA:357,51
DA:358,51
DA:360,306
DA:362,255
DA:364,255
DA:366,255
DA:370,51
DA:373,5
DA:376,25
DA:378,20
DA:380,5
DA:381,5
DA:383,3
DA:385,18
DA:387,15
DA:389,3
DA:390,3
DA:392,15
DA:394,15
DA:395,90
DA:397,75
DA:399,75
DA:401,75
DA:402,75
DA:405,15
DA:407,204
DA:409,204
DA:411,204
DA:414,204
DA:416,2
DA:418,1
DA:421,204
DA:423,0
DA:425,0
DA:426,0
DA:427,0
DA:428,0
DA:430,1
DA:432,1
DA:433,1
DA:434,1
DA:435,1
DA:437,0
DA:439,0
DA:440,0
DA:441,0
DA:442,0
DA:444,5
DA:446,5
DA:448,30
DA:450,25
DA:452,25
DA:454,25
DA:457,5
DA:459,3
DA:461,3
DA:463,18
DA:465,15
DA:467,15
DA:469,15
DA:470,15
DA:473,3
DA:475,2
DA:477,2
DA:478,2
DA:479,12
DA:481,10
DA:483,10
DA:485,10
DA:486,10
DA:487,10
DA:490,2
DA:492,18
DA:494,36
DA:495,36
DA:497,36
DA:499,78
DA:501,60
DA:503,40
DA:506,18
DA:508,40
DA:510,40
DA:512,32
DA:513,16
DA:514,16
DA:515,16
DA:516,16
DA:518,14
DA:520,10
DA:521,10
DA:523,14
DA:526,24
DA:528,2
DA:529,2
DA:530,2
DA:531,2
DA:532,2
DA:533,2
DA:535,2
DA:536,2
DA:538,1
DA:539,1
DA:543,1
DA:544,1
DA:547,2
DA:548,2
DA:550,22
DA:552,16
DA:553,16
DA:555,6
DA:557,2
DA:558,2
DA:560,4
DA:562,2
DA:563,2
DA:564,2
DA:568,2
DA:569,2
DA:570,2
DA:576,40
DA:578,2
DA:580,2
DA:581,2
DA:582,2
DA:583,2
DA:584,2
DA:586,2
DA:587,2
DA:588,2
DA:589,2
DA:590,2
DA:592,2
DA:593,2
DA:594,2
DA:596,9
DA:598,9
DA:599,9
DA:600,9
DA:601,9
DA:603,0
DA:605,0
DA:608,0
DA:610,0
DA:613,4
DA:615,4
DA:618,4
DA:620,4
end_of_record
SF:/usr/include/x86_64-linux-gnu/qt5/QtCore/qobjectdefs_impl.h
FN:88,_ZN9QtPrivate16ApplyReturnValueIvEC2EPv
FNDA:0,_ZN9QtPrivate16ApplyReturnValueIvEC2EPv
FN:151,_ZN9QtPrivate11FunctorCallINS_11IndexesListIJEEENS_4ListIJEEEvM7ReckoUIFvvEE4callES7_PS5_PPv
FNDA:15,_ZN9QtPrivate11FunctorCallINS_11IndexesListIJEEENS_4ListIJEEEvM7ReckoUIFvvEE4callES7_PS5_PPv
FN:184,_ZN9QtPrivate15FunctionPointerIM7ReckoUIFvvEE4callINS_4ListIJEEEvEEvS3_PS1_PPv
FNDA:15,_ZN9QtPrivate15FunctionPointerIM7ReckoUIFvvEE4callINS_4ListIJEEEvEEvS3_PS1_PPv
FN:387,_ZN9QtPrivate15QSlotObjectBaseC2EPFviPS0_P7QObjectPPvPbE
FNDA:0,_ZN9QtPrivate15QSlotObjectBaseC2EPFviPS0_P7QObjectPPvPbE
FN:396,_ZN9QtPrivate15QSlotObjectBaseD2Ev
FNDA:0,_ZN9QtPrivate15QSlotObjectBaseD2Ev
FN:407,_ZN9QtPrivate11QSlotObjectIM7ReckoUIFvvENS_4ListIJEEEvE4implEiPNS_15QSlotObjectBaseEP7QObjectPPvPb
FNDA:56,_ZN9QtPrivate11QSlotObjectIM7ReckoUIFvvENS_4ListIJEEEvE4implEiPNS_15QSlotObjectBaseEP7QObjectPPvPb
FN:423,_ZN9QtPrivate11QSlotObjectIM7ReckoUIFvvENS_4ListIJEEEvEC2ES3_
FNDA:23,_ZN9QtPrivate11QSlotObjectIM7ReckoUIFvvENS_4ListIJEEEvEC2ES3_
DA:88,0
DA:151,15
DA:152,15
DA:153,15
DA:184,15
DA:185,15
DA:186,15
DA:387,0
DA:396,0
DA:407,56
DA:409,56
DA:410,23
DA:411,23
DA:412,23
DA:413,15
DA:414,15
DA:415,15
DA:416,18
DA:417,18
DA:418,18
DA:419,56
DA:421,56
DA:423,23
end_of_record
SF:/usr/include/c++/9/bits/atomic_base.h
FN:99,_ZStanSt12memory_orderSt23__memory_order_modifier
FNDA:0,_ZStanSt12memory_orderSt23__memory_order_modifier
FN:279,_ZNSt13__atomic_baseIiEC2Ei
FNDA:0,_ZNSt13__atomic_baseIiEC2Ei
FN:318,_ZNSt13__atomic_baseIiEppEv
FNDA:0,_ZNSt13__atomic_baseIiEppEv
FN:326,_ZNSt13__atomic_baseIiEmmEv
FNDA:0,_ZNSt13__atomic_baseIiEmmEv
DA:99,0
DA:101,0
DA:279,0
DA:318,0
DA:319,0
DA:326,0
DA:327,0
DA:415,0
DA:419,0
end_of_record
SF:/usr/include/x86_64-linux-gnu/qt5/QtCore/qobject_impl.h
FN:73,_ZN9QtPrivate15ConnectionTypesINS_4ListIJEEELb1EE5typesEv
FNDA:0,_ZN9QtPrivate15ConnectionTypesINS_4ListIJEEELb1EE5typesEv
FN:75,_ZN9QtPrivate15ConnectionTypesINS_4ListIJbEEELb1EE5typesEv
FNDA:0,_ZN9QtPrivate15ConnectionTypesINS_4ListIJbEEELb1EE5typesEv
DA:73,0
DA:75,0
end_of_record
SF:/home/user/Desktop/pobedi-me-ako-znas/application/reckoui.h
end_of_record
TN:
SF:/usr/include/x86_64-linux-gnu/qt5/QtCore/qpair.h
FN:58,_ZN5QPairI7QStringS0_EC2ERKS0_S3_
FNDA:0,_ZN5QPairI7QStringS0_EC2ERKS0_S3_
DA:58,0
DA:61,0
end_of_record
SF:/usr/include/c++/9/bits/stl_algo.h
FN:112,_ZSt9__find_ifIPKiN9__gnu_cxx5__ops16_Iter_equals_valIS0_EEET_S6_S6_T0_St26random_access_iterator_tag
FNDA:0,_ZSt9__find_ifIPKiN9__gnu_cxx5__ops16_Iter_equals_valIS0_EEET_S6_S6_T0_St26random_access_iterator_tag
FN:159,_ZSt9__find_ifIPKiN9__gnu_cxx5__ops16_Iter_equals_valIS0_EEET_S6_S6_T0_
FNDA:0,_ZSt9__find_ifIPKiN9__gnu_cxx5__ops16_Iter_equals_valIS0_EEET_S6_S6_T0_
FN:3930,_ZSt4findIPKiiET_S2_S2_RKT0_
FNDA:0,_ZSt4findIPKiiET_S2_S2_RKT0_
DA:112,0
DA:116,0
DA:118,0
DA:120,0
DA:121,0
DA:122,0
DA:124,0
DA:125,0
DA:126,0
DA:128,0
DA:129,0
DA:130,0
DA:132,0
DA:133,0
DA:134,0
DA:137,0
DA:139,0
DA:140,0
DA:141,0
DA:142,0
DA:143,0
DA:144,0
DA:145,0
DA:146,0
DA:147,0
DA:148,0
DA:149,0
DA:150,0
DA:151,0
DA:153,0
DA:159,0
DA:161,0
DA:162,0
DA:3930,0
DA:3938,0
DA:3939,0
end_of_record
SF:/usr/include/c++/9/new
FN:173,_ZnwmPv
FNDA:0,_ZnwmPv
DA:173,0
DA:174,0
end_of_record
SF:/usr/include/c++/9/bits/move.h
FN:99,_ZSt4moveIRP15QTypedArrayDataI7QStringEEONSt16remove_referenceIT_E4typeEOS6_
FNDA:6,_ZSt4moveIRP15QTypedArrayDataI7QStringEEONSt16remove_referenceIT_E4typeEOS6_
FN:99,_ZSt4moveIR5QCharEONSt16remove_referenceIT_E4typeEOS3_
FNDA:0,_ZSt4moveIR5QCharEONSt16remove_referenceIT_E4typeEOS3_
FN:99,_ZSt4moveIRiEONSt16remove_referenceIT_E4typeEOS2_
FNDA:0,_ZSt4moveIRiEONSt16remove_referenceIT_E4typeEOS2_
FN:99,_ZSt4moveIR7QVectorI7QStringEEONSt16remove_referenceIT_E4typeEOS5_
FNDA:2,_ZSt4moveIR7QVectorI7QStringEEONSt16remove_referenceIT_E4typeEOS5_
FN:99,_ZSt4moveIR7QStringEONSt16remove_referenceIT_E4typeEOS3_
FNDA:0,_ZSt4moveIR7QStringEONSt16remove_referenceIT_E4typeEOS3_
FN:182,_ZSt4swapIP15QTypedArrayDataI7QStringEENSt9enable_ifIXsrSt6__and_IJSt6__not_ISt15__is_tuple_likeIT_EESt21is_move_constructibleIS8_ESt18is_move_assignableIS8_EEE5valueEvE4typeERS8_SI_
FNDA:2,_ZSt4swapIP15QTypedArrayDataI7QStringEENSt9enable_ifIXsrSt6__and_IJSt6__not_ISt15__is_tuple_likeIT_EESt21is_move_constructibleIS8_ESt18is_move_assignableIS8_EEE5valueEvE4typeERS8_SI_
DA:99,6
DA:100,6
DA:99,0
DA:100,0
DA:99,0
DA:100,0
DA:99,2
DA:100,2
DA:99,0
DA:100,0
DA:182,2
DA:193,2
DA:194,2
DA:195,2
DA:196,2
end_of_record
SF:/usr/include/x86_64-linux-gnu/qt5/QtCore/qdebug.h
FN:125,_ZN6QDebug10maybeSpaceEv
FNDA:0,_ZN6QDebug10maybeSpaceEv
FN:145,_ZN6QDebuglsEi
FNDA:0,_ZN6QDebuglsEi
FN:153,_ZN6QDebuglsEPKc
FNDA:0,_ZN6QDebuglsEPKc
FN:155,_ZN6QDebuglsERK7QString
FNDA:0,_ZN6QDebuglsERK7QString
DA:125,0
DA:145,0
DA:153,0
DA:155,0
end_of_record
SF:/usr/include/x86_64-linux-gnu/qt5/QtCore/qchar.h
FN:81,_ZN5QCharC2Ev
FNDA:0,_ZN5QCharC2Ev
FN:86,_ZN5QCharC2Ei
FNDA:0,_ZN5QCharC2Ei
FN:452,_ZNK5QChar8toLatin1Ev
FNDA:0,_ZNK5QChar8toLatin1Ev
FN:472,_ZNK5QChar7isDigitEv
FNDA:4,_ZNK5QChar7isDigitEv
FN:573,_ZN5QChar7isDigitEj
FNDA:4,_ZN5QChar7isDigitEj
FN:600,_Zeq5QCharS_
FNDA:150,_Zeq5QCharS_
FN:603,_Zne5QCharS_
FNDA:0,_Zne5QCharS_
DA:81,0
DA:86,0
DA:452,0
DA:472,4
DA:573,4
DA:574,4
DA:600,150
DA:603,0
end_of_record
SF:/usr/include/x86_64-linux-gnu/qt5/QtCore/qarraydata.h
FN:57,_ZN10QArrayData4dataEv
FNDA:0,_ZN10QArrayData4dataEv
FN:64,_ZNK10QArrayData4dataEv
FNDA:0,_ZNK10QArrayData4dataEv
FN:123,_ZN10QArrayData10sharedNullEv
FNDA:0,_ZN10QArrayData10sharedNullEv
FN:208,_ZN15QTypedArrayDataI5QCharE4dataEv
FNDA:0,_ZN15QTypedArrayDataI5QCharE4dataEv
FN:208,_ZN15QTypedArrayDataItE4dataEv
FNDA:0,_ZN15QTypedArrayDataItE4dataEv
FN:208,_ZN15QTypedArrayDataI7QStringE4dataEv
FNDA:0,_ZN15QTypedArrayDataI7QStringE4dataEv
FN:208,_ZN15QTypedArrayDataIiE4dataEv
FNDA:0,_ZN15QTypedArrayDataIiE4dataEv
FN:209,_ZNK15QTypedArrayDataI7QStringE4dataEv
FNDA:0,_ZNK15QTypedArrayDataI7QStringE4dataEv
FN:211,_ZN15QTypedArrayDataI7QStringE5beginEPS0_
FNDA:0,_ZN15QTypedArrayDataI7QStringE5beginEPS0_
FN:211,_ZN15QTypedArrayDataIiE5beginEPi
FNDA:0,_ZN15QTypedArrayDataIiE5beginEPi
FN:211,_ZN15QTypedArrayDataI5QCharE5beginEPS0_
FNDA:0,_ZN15QTypedArrayDataI5QCharE5beginEPS0_
FN:212,_ZN15QTypedArrayDataI5QCharE3endEPS0_
FNDA:0,_ZN15QTypedArrayDataI5QCharE3endEPS0_
FN:212,_ZN15QTypedArrayDataIiE3endEPi
FNDA:0,_ZN15QTypedArrayDataIiE3endEPi
FN:212,_ZN15QTypedArrayDataI7QStringE3endEPS0_
FNDA:0,_ZN15QTypedArrayDataI7QStringE3endEPS0_
FN:215,_ZNK15QTypedArrayDataI7QStringE10constBeginEPKS0_
FNDA:0,_ZNK15QTypedArrayDataI7QStringE10constBeginEPKS0_
FN:216,_ZNK15QTypedArrayDataI7QStringE8constEndEPKS0_
FNDA:0,_ZNK15QTypedArrayDataI7QStringE8constEndEPKS0_
FN:220,_ZN15QTypedArrayDataI5QCharE8allocateEm6QFlagsIN10QArrayData16AllocationOptionEE
FNDA:0,_ZN15QTypedArrayDataI5QCharE8allocateEm6QFlagsIN10QArrayData16AllocationOptionEE
FN:220,_ZN15QTypedArrayDataI7QStringE8allocateEm6QFlagsIN10QArrayData16AllocationOptionEE
FNDA:0,_ZN15QTypedArrayDataI7QStringE8allocateEm6QFlagsIN10QArrayData16AllocationOptionEE
FN:220,_ZN15QTypedArrayDataIiE8allocateEm6QFlagsIN10QArrayData16AllocationOptionEE
FNDA:0,_ZN15QTypedArrayDataIiE8allocateEm6QFlagsIN10QArrayData16AllocationOptionEE
FN:236,_ZN15QTypedArrayDataIiE10deallocateEP10QArrayData
FNDA:0,_ZN15QTypedArrayDataIiE10deallocateEP10QArrayData
FN:236,_ZN15QTypedArrayDataI7QStringE10deallocateEP10QArrayData
FNDA:0,_ZN15QTypedArrayDataI7QStringE10deallocateEP10QArrayData
FN:236,_ZN15QTypedArrayDataItE10deallocateEP10QArrayData
FNDA:0,_ZN15QTypedArrayDataItE10deallocateEP10QArrayData
FN:236,_ZN15QTypedArrayDataIcE10deallocateEP10QArrayData
FNDA:0,_ZN15QTypedArrayDataIcE10deallocateEP10QArrayData
FN:236,_ZN15QTypedArrayDataI5QCharE10deallocateEP10QArrayData
FNDA:0,_ZN15QTypedArrayDataI5QCharE10deallocateEP10QArrayData
FN:257,_ZN15QTypedArrayDataI5QCharE10sharedNullEv
FNDA:8,_ZN15QTypedArrayDataI5QCharE10sharedNullEv
FN:257,_ZN15QTypedArrayDataI7QStringE10sharedNullEv
FNDA:0,_ZN15QTypedArrayDataI7QStringE10sharedNullEv
FN:257,_ZN15QTypedArrayDataIiE10sharedNullEv
FNDA:0,_ZN15QTypedArrayDataIiE10sharedNullEv
FN:257,_ZN15QTypedArrayDataItE10sharedNullEv
FNDA:0,_ZN15QTypedArrayDataItE10sharedNullEv
FN:270,_ZN15QTypedArrayDataI7QStringE15unsharableEmptyEv
FNDA:0,_ZN15QTypedArrayDataI7QStringE15unsharableEmptyEv
FN:270,_ZN15QTypedArrayDataI5QCharE15unsharableEmptyEv
FNDA:0,_ZN15QTypedArrayDataI5QCharE15unsharableEmptyEv
FN:270,_ZN15QTypedArrayDataIiE15unsharableEmptyEv
FNDA:0,_ZN15QTypedArrayDataIiE15unsharableEmptyEv
DA:57,0
DA:61,0
DA:64,0
DA:68,0
DA:123,0
DA:208,0
DA:208,0
DA:208,0
DA:208,0
DA:209,0
DA:211,0
DA:211,0
DA:211,0
DA:212,0
DA:212,0
DA:212,0
DA:215,0
DA:216,0
DA:220,0
DA:224,0
DA:225,0
DA:220,0
DA:224,0
DA:225,0
DA:220,0
DA:224,0
DA:225,0
DA:236,0
DA:239,0
DA:240,0
DA:236,0
DA:239,0
DA:240,0
DA:236,0
DA:239,0
DA:240,0
DA:236,0
DA:239,0
DA:240,0
DA:236,0
DA:239,0
DA:240,0
DA:257,8
DA:260,8
DA:257,0
DA:260,0
DA:257,0
DA:260,0
DA:257,0
DA:260,0
DA:270,0
DA:273,0
DA:270,0
DA:273,0
DA:270,0
DA:273,0
end_of_record
SF:/home/user/Desktop/pobedi-me-ako-znas/application/mojbrojlogic.cpp
FN:9,_ZN12MojBrojLogicC2Ev
FNDA:2,_ZN12MojBrojLogicC2Ev
FN:15,_ZN12MojBrojLogic15getCurrentRoundEv
FNDA:0,_ZN12MojBrojLogic15getCurrentRoundEv
FN:20,_ZN12MojBrojLogic15getTargetNumberEv
FNDA:7,_ZN12MojBrojLogic15getTargetNumberEv
FN:25,_ZN12MojBrojLogic15setTargetNumberEi
FNDA:7,_ZN12MojBrojLogic15setTargetNumberEi
FN:30,_ZN12MojBrojLogic7endGameEv
FNDA:2,_ZN12MojBrojLogic7endGameEv
FN:51,_ZN12MojBrojLogic12chooseNumberEi
FNDA:4,_ZN12MojBrojLogic12chooseNumberEi
FN:64,_ZN12MojBrojLogic15chooseOperationERK7QString
FNDA:0,_ZN12MojBrojLogic15chooseOperationERK7QString
FN:69,_ZN12MojBrojLogic15deleteLastInputEv
FNDA:0,_ZN12MojBrojLogic15deleteLastInputEv
FN:92,_ZN12MojBrojLogic14vectorToStringERK7QVectorI7QStringE
FNDA:0,_ZN12MojBrojLogic14vectorToStringERK7QVectorI7QStringE
FN:103,_ZNK12MojBrojLogic18validateExpressionERK7QString
FNDA:4,_ZNK12MojBrojLogic18validateExpressionERK7QString
FN:146,_ZNK12MojBrojLogic18evaluateExpressionERK7QString
FNDA:4,_ZNK12MojBrojLogic18evaluateExpressionERK7QString
FN:154,_ZZNK12MojBrojLogic18evaluateExpressionERK7QStringENKUl5QCharE_clES3_
FNDA:0,_ZZNK12MojBrojLogic18evaluateExpressionERK7QStringENKUl5QCharE_clES3_
FN:162,_ZZNK12MojBrojLogic18evaluateExpressionERK7QStringENKUlii5QCharE0_clEiiS3_
FNDA:0,_ZZNK12MojBrojLogic18evaluateExpressionERK7QStringENKUlii5QCharE0_clEiiS3_
FN:243,_ZN12MojBrojLogic14submitSolutionERK7QStringS2_
FNDA:4,_ZN12MojBrojLogic14submitSolutionERK7QStringS2_
DA:9,2
DA:11,2
DA:12,14
DA:13,2
DA:15,0
DA:17,0
DA:20,7
DA:22,7
DA:25,7
DA:27,7
DA:28,7
DA:30,2
DA:32,2
DA:33,2
DA:34,2
DA:36,2
DA:38,2
DA:39,2
DA:40,2
DA:41,0
DA:42,0
DA:43,0
DA:44,0
DA:45,0
DA:51,4
DA:53,4
DA:55,4
DA:56,4
DA:60,0
DA:62,4
DA:64,0
DA:66,0
DA:67,0
DA:69,0
DA:71,0
DA:73,0
DA:74,0
DA:77,0
DA:79,0
DA:81,0
DA:84,0
DA:85,0
DA:88,0
DA:89,0
DA:92,0
DA:94,0
DA:95,0
DA:97,0
DA:100,0
DA:103,4
DA:105,8
DA:106,4
DA:108,0
DA:111,8
DA:112,4
DA:114,0
DA:117,8
DA:119,12
DA:121,8
DA:123,0
DA:125,8
DA:127,0
DA:129,0
DA:133,0
DA:138,4
DA:140,0
DA:143,4
DA:146,4
DA:149,4
DA:151,0
DA:154,0
DA:155,0
DA:156,0
DA:157,0
DA:158,0
DA:159,0
DA:162,0
DA:163,0
DA:165,0
DA:166,0
DA:167,0
DA:168,0
DA:169,0
DA:170,0
DA:171,0
DA:172,0
DA:173,0
DA:174,0
DA:178,8
DA:179,8
DA:181,4
DA:182,4
DA:184,8
DA:186,4
DA:187,4
DA:189,4
DA:191,4
DA:192,4
DA:194,0
DA:196,0
DA:198,0
DA:200,0
DA:202,0
DA:203,0
DA:204,0
DA:205,0
DA:206,0
DA:207,0
DA:208,0
DA:210,0
DA:212,0
DA:214,0
DA:216,0
DA:217,0
DA:218,0
DA:219,0
DA:220,0
DA:221,0
DA:222,0
DA:224,0
DA:228,4
DA:230,0
DA:231,0
DA:232,0
DA:233,0
DA:234,0
DA:235,0
DA:236,0
DA:239,4
DA:243,4
DA:245,4
DA:247,0
DA:250,4
DA:252,4
DA:254,0
DA:257,4
DA:259,4
DA:260,4
DA:261,4
DA:262,4
DA:264,4
end_of_record
SF:/usr/include/x86_64-linux-gnu/qt5/QtCore/qstring.h
FN:234,_ZN7QStringC2EOS_
FNDA:0,_ZN7QStringC2EOS_
FN:239,_ZNK7QString4sizeEv
FNDA:0,_ZNK7QString4sizeEv
FN:483,_ZN7QStringpLERKS_
FNDA:0,_ZN7QStringpLERKS_
FN:549,_ZNKR7QString6toUtf8Ev
FNDA:0,_ZNKR7QString6toUtf8Ev
FN:570,_ZN7QString8fromUtf8EPKci
FNDA:0,_ZN7QString8fromUtf8EPKci
FN:699,_ZN7QStringC2EPKc
FNDA:0,_ZN7QStringC2EPKc
FN:933,_ZNK7QString6lengthEv
FNDA:0,_ZNK7QString6lengthEv
FN:949,_ZNK7QString9constDataEv
FNDA:0,_ZNK7QString9constDataEv
FN:957,_ZN7QStringC2ERKS_
FNDA:0,_ZN7QStringC2ERKS_
FN:1134,_ZN7QStringC2Ev
FNDA:0,_ZN7QStringC2Ev
FN:1135,_ZN7QStringD2Ev
FNDA:0,_ZN7QStringD2Ev
FN:1170,_ZNK7QString5beginEv
FNDA:4,_ZNK7QString5beginEv
FN:1178,_ZNK7QString3endEv
FNDA:4,_ZNK7QString3endEv
FN:1237,_ZNK7QStringeqEPKc
FNDA:0,_ZNK7QStringeqEPKc
DA:234,0
DA:239,0
DA:483,0
DA:549,0
DA:550,0
DA:570,0
DA:572,0
DA:699,0
DA:700,0
DA:701,0
DA:933,0
DA:934,0
DA:949,0
DA:950,0
DA:957,0
DA:958,0
DA:1134,0
DA:1135,0
DA:1170,4
DA:1171,4
DA:1178,4
DA:1179,4
DA:1237,0
DA:1238,0
end_of_record
SF:/usr/include/x86_64-linux-gnu/qt5/QtCore/qbytearray.h
FN:476,_ZN10QByteArrayD2Ev
FNDA:0,_ZN10QByteArrayD2Ev
DA:476,0
end_of_record
SF:/usr/include/x86_64-linux-gnu/qt5/QtCore/qglobal.h
FN:581,_Z4qAbsIiET_RKS0_
FNDA:4,_Z4qAbsIiET_RKS0_
FN:596,_Z4qMaxIiERKT_S2_S2_
FNDA:0,_Z4qMaxIiERKT_S2_S2_
FN:911,_Z5qSwapIP15QTypedArrayDataI7QStringEEvRT_S5_
FNDA:2,_Z5qSwapIP15QTypedArrayDataI7QStringEEvRT_S5_
DA:581,4
DA:596,0
DA:911,2
DA:915,2
DA:916,2
end_of_record
SF:/usr/include/x86_64-linux-gnu/qt5/QtCore/qatomic_cxx11.h
FN:225,_ZN10QAtomicOpsIiE4loadIiEET_RKSt6atomicIS2_E
FNDA:0,_ZN10QAtomicOpsIiE4loadIiEET_RKSt6atomicIS2_E
FN:263,_ZN10QAtomicOpsIiE3refIiEEbRSt6atomicIT_E
FNDA:0,_ZN10QAtomicOpsIiE3refIiEEbRSt6atomicIT_E
FN:269,_ZN10QAtomicOpsIiE5derefIiEEbRSt6atomicIT_E
FNDA:0,_ZN10QAtomicOpsIiE5derefIiEEbRSt6atomicIT_E
DA:225,0
DA:227,0
DA:263,0
DA:265,0
DA:269,0
DA:271,0
end_of_record
SF:/usr/include/x86_64-linux-gnu/qt5/QtCore/qbasicatomic.h
FN:103,_ZNK19QBasicAtomicIntegerIiE4loadEv
FNDA:0,_ZNK19QBasicAtomicIntegerIiE4loadEv
FN:114,_ZN19QBasicAtomicIntegerIiE3refEv
FNDA:0,_ZN19QBasicAtomicIntegerIiE3refEv
FN:115,_ZN19QBasicAtomicIntegerIiE5derefEv
FNDA:0,_ZN19QBasicAtomicIntegerIiE5derefEv
DA:103,0
DA:114,0
DA:115,0
end_of_record
SF:/usr/include/c++/9/initializer_list
FN:71,_ZNKSt16initializer_listI7QStringE4sizeEv
FNDA:8,_ZNKSt16initializer_listI7QStringE4sizeEv
FN:75,_ZNKSt16initializer_listI7QStringE5beginEv
FNDA:4,_ZNKSt16initializer_listI7QStringE5beginEv
FN:79,_ZNKSt16initializer_listI7QStringE3endEv
FNDA:2,_ZNKSt16initializer_listI7QStringE3endEv
DA:71,8
DA:75,4
DA:79,2
end_of_record
SF:/usr/include/x86_64-linux-gnu/qt5/QtCore/qstack.h
FN:54,_ZN6QStackIiE4pushERKi
FNDA:4,_ZN6QStackIiE4pushERKi
FN:54,_ZN6QStackI5QCharE4pushERKS0_
FNDA:0,_ZN6QStackI5QCharE4pushERKS0_
FN:61,_ZN6QStackIiE3popEv
FNDA:0,_ZN6QStackIiE3popEv
FN:61,_ZN6QStackI5QCharE3popEv
FNDA:0,_ZN6QStackI5QCharE3popEv
FN:66,_ZN6QStackIiE3topEv
FNDA:4,_ZN6QStackIiE3topEv
FN:66,_ZN6QStackI5QCharE3topEv
FNDA:0,_ZN6QStackI5QCharE3topEv
DA:54,4
DA:54,0
DA:61,0
DA:62,0
DA:63,0
DA:61,0
DA:62,0
DA:63,0
DA:66,4
DA:67,4
DA:66,0
DA:67,0
end_of_record
SF:/usr/include/c++/9/bits/atomic_base.h
FN:99,_ZStanSt12memory_orderSt23__memory_order_modifier
FNDA:0,_ZStanSt12memory_orderSt23__memory_order_modifier
FN:318,_ZNSt13__atomic_baseIiEppEv
FNDA:0,_ZNSt13__atomic_baseIiEppEv
FN:326,_ZNSt13__atomic_baseIiEmmEv
FNDA:0,_ZNSt13__atomic_baseIiEmmEv
DA:99,0
DA:101,0
DA:318,0
DA:319,0
DA:326,0
DA:327,0
DA:415,0
DA:419,0
end_of_record
SF:/usr/include/x86_64-linux-gnu/qt5/QtCore/qlogging.h
FN:68,_ZN18QMessageLogContextC2EPKciS1_S1_
FNDA:0,_ZN18QMessageLogContextC2EPKciS1_S1_
FN:91,_ZN14QMessageLoggerC2EPKciS1_
FNDA:0,_ZN14QMessageLoggerC2EPKciS1_
DA:68,0
DA:69,0
DA:91,0
DA:92,0
end_of_record
SF:/usr/include/x86_64-linux-gnu/qt5/QtCore/qrefcount.h
FN:54,_ZN9QtPrivate8RefCount3refEv
FNDA:0,_ZN9QtPrivate8RefCount3refEv
FN:65,_ZN9QtPrivate8RefCount5derefEv
FNDA:0,_ZN9QtPrivate8RefCount5derefEv
FN:99,_ZNK9QtPrivate8RefCount8isSharedEv
FNDA:0,_ZNK9QtPrivate8RefCount8isSharedEv
DA:54,0
DA:55,0
DA:57,0
DA:58,0
DA:60,0
DA:61,0
DA:62,0
DA:65,0
DA:66,0
DA:68,0
DA:69,0
DA:71,0
DA:72,0
DA:73,0
DA:99,0
DA:101,0
DA:102,0
end_of_record
SF:/usr/include/x86_64-linux-gnu/qt5/QtCore/qvector.h
FN:69,_ZN7QVectorIiEC2Ev
FNDA:0,_ZN7QVectorIiEC2Ev
FN:69,_ZN7QVectorI7QStringEC2Ev
FNDA:4,_ZN7QVectorI7QStringEC2Ev
FN:69,_ZN7QVectorI5QCharEC2Ev
FNDA:8,_ZN7QVectorI5QCharEC2Ev
FN:73,_ZN7QVectorI7QStringED2Ev
FNDA:0,_ZN7QVectorI7QStringED2Ev
FN:73,_ZN7QVectorIiED2Ev
FNDA:0,_ZN7QVectorIiED2Ev
FN:73,_ZN7QVectorI5QCharED2Ev
FNDA:8,_ZN7QVectorI5QCharED2Ev
FN:76,_ZN7QVectorI7QStringEC2EOS1_
FNDA:2,_ZN7QVectorI7QStringEC2EOS1_
FN:77,_ZN7QVectorI7QStringEaSEOS1_
FNDA:2,_ZN7QVectorI7QStringEaSEOS1_
FN:80,_ZN7QVectorI7QStringE4swapERS1_
FNDA:2,_ZN7QVectorI7QStringE4swapERS1_
FN:87,_ZNK7QVectorIiE4sizeEv
FNDA:0,_ZNK7QVectorIiE4sizeEv
FN:87,_ZNK7QVectorI5QCharE4sizeEv
FNDA:0,_ZNK7QVectorI5QCharE4sizeEv
FN:89,_ZNK7QVectorI5QCharE7isEmptyEv
FNDA:8,_ZNK7QVectorI5QCharE7isEmptyEv
FN:89,_ZNK7QVectorI7QStringE7isEmptyEv
FNDA:0,_ZNK7QVectorI7QStringE7isEmptyEv
FN:106,_ZNK7QVectorI7QStringE10isDetachedEv
FNDA:0,_ZNK7QVectorI7QStringE10isDetachedEv
FN:106,_ZNK7QVectorIiE10isDetachedEv
FNDA:0,_ZNK7QVectorIiE10isDetachedEv
FN:106,_ZNK7QVectorI5QCharE10isDetachedEv
FNDA:0,_ZNK7QVectorI5QCharE10isDetachedEv
FN:127,_ZN7QVectorI5QCharE4dataEv
FNDA:0,_ZN7QVectorI5QCharE4dataEv
FN:127,_ZN7QVectorIiE4dataEv
FNDA:0,_ZN7QVectorIiE4dataEv
FN:175,_ZN7QVectorIiE9removeOneERKi
FNDA:4,_ZN7QVectorIiE9removeOneERKi
FN:206,_ZNK7QVectorI7QStringE5beginEv
FNDA:0,_ZNK7QVectorI7QStringE5beginEv
FN:209,_ZN7QVectorI7QStringE3endEv
FNDA:0,_ZN7QVectorI7QStringE3endEv
FN:210,_ZNK7QVectorI7QStringE3endEv
FNDA:0,_ZNK7QVectorI7QStringE3endEv
FN:240,_ZN7QVectorI7QStringE4lastEv
FNDA:0,_ZN7QVectorI7QStringE4lastEv
FN:272,_ZN7QVectorI7QStringE4backEv
FNDA:0,_ZN7QVectorI7QStringE4backEv
FN:286,_ZN7QVectorI7QStringEpLEOS0_
FNDA:4,_ZN7QVectorI7QStringEpLEOS0_
FN:302,_ZN7QVectorI7QStringE11reallocDataEi
FNDA:0,_ZN7QVectorI7QStringE11reallocDataEi
[...]
FNDA:2,_ZNO7QString7toLowerEv
FN:440,_ZNO7QString7trimmedEv
FNDA:2,_ZNO7QString7trimmedEv
FN:483,_ZN7QStringpLERKS_
FNDA:0,_ZN7QStringpLERKS_
FN:549,_ZNKR7QString6toUtf8Ev
FNDA:0,_ZNKR7QString6toUtf8Ev
FN:570,_ZN7QString8fromUtf8EPKci
FNDA:0,_ZN7QString8fromUtf8EPKci
FN:580,_ZN7QString8fromUtf8ERK10QByteArray
FNDA:0,_ZN7QString8fromUtf8ERK10QByteArray
FN:699,_ZN7QStringC2EPKc
FNDA:0,_ZN7QStringC2EPKc
FN:933,_ZNK7QString6lengthEv
FNDA:0,_ZNK7QString6lengthEv
FN:941,_ZNK7QString7isEmptyEv
FNDA:0,_ZNK7QString7isEmptyEv
FN:949,_ZNK7QString9constDataEv
FNDA:0,_ZNK7QString9constDataEv
FN:957,_ZN7QStringC2ERKS_
FNDA:0,_ZN7QStringC2ERKS_
FN:1134,_ZN7QStringC2Ev
FNDA:0,_ZN7QStringC2Ev
FN:1135,_ZN7QStringD2Ev
FNDA:0,_ZN7QStringD2Ev
FN:1356,_ZplRK7QStringPKc
FNDA:0,_ZplRK7QStringPKc
FN:1358,_ZplPKcRK7QString
FNDA:0,_ZplPKcRK7QString
DA:428,2
DA:429,2
DA:440,2
DA:441,2
DA:483,0
DA:549,0
DA:550,0
DA:570,0
DA:572,0
DA:580,0
DA:581,0
DA:699,0
DA:700,0
DA:701,0
DA:933,0
DA:934,0
DA:941,0
DA:942,0
DA:949,0
DA:950,0
DA:957,0
DA:958,0
DA:1134,0
DA:1135,0
DA:1356,0
DA:1357,0
DA:1358,0
DA:1359,0
end_of_record
SF:/usr/include/x86_64-linux-gnu/qt5/QtCore/qtimer.h
FN:108,_ZN6QTimer10singleShotIiM10QEventLoopFvvEEEvT_PKN9QtPrivate15FunctionPointerIT0_E6ObjectES7_
FNDA:28,_ZN6QTimer10singleShotIiM10QEventLoopFvvEEEvT_PKN9QtPrivate15FunctionPointerIT0_E6ObjectES7_
FN:113,_ZN6QTimer10singleShotIiM10QEventLoopFvvEEEvT_N2Qt9TimerTypeEPKN9QtPrivate15FunctionPointerIT0_E6ObjectES9_
FNDA:28,_ZN6QTimer10singleShotIiM10QEventLoopFvvEEEvT_N2Qt9TimerTypeEPKN9QtPrivate15FunctionPointerIT0_E6ObjectES9_
FN:221,_ZN6QTimer14defaultTypeForEi
FNDA:33,_ZN6QTimer14defaultTypeForEi
DA:108,28
DA:110,28
DA:111,28
DA:113,28
DA:122,28
DA:123,28
DA:124,28
DA:221,33
DA:222,33
end_of_record
SF:/usr/include/x86_64-linux-gnu/qt5/QtCore/qbytearray.h
FN:76,_Z8qstrnlenPKcj
FNDA:0,_Z8qstrnlenPKcj
FN:476,_ZN10QByteArrayD2Ev
FNDA:0,_ZN10QByteArrayD2Ev
FN:477,_ZNK10QByteArray4sizeEv
FNDA:0,_ZNK10QByteArray4sizeEv
FN:497,_ZNK10QByteArray4dataEv
FNDA:0,_ZNK10QByteArray4dataEv
FN:499,_ZNK10QByteArray9constDataEv
FNDA:0,_ZNK10QByteArray9constDataEv
DA:76,0
DA:78,0
DA:79,0
DA:80,0
DA:81,0
DA:83,0
DA:476,0
DA:477,0
DA:478,0
DA:497,0
DA:498,0
DA:499,0
DA:500,0
end_of_record
SF:/usr/include/x86_64-linux-gnu/qt5/QtCore/qrect.h
FN:184,_ZN5QRectC2Eiiii
FNDA:0,_ZN5QRectC2Eiiii
FN:214,_ZNK5QRect1xEv
FNDA:20,_ZNK5QRect1xEv
FN:217,_ZNK5QRect1yEv
FNDA:20,_ZNK5QRect1yEv
FN:265,_ZNK5QRect5widthEv
FNDA:0,_ZNK5QRect5widthEv
FN:268,_ZNK5QRect6heightEv
FNDA:0,_ZNK5QRect6heightEv
FN:271,_ZNK5QRect4sizeEv
FNDA:0,_ZNK5QRect4sizeEv
FN:660,_ZN6QRectFC2ERK5QRect
FNDA:20,_ZN6QRectFC2ERK5QRect
DA:184,0
DA:185,0
DA:214,20
DA:215,20
DA:217,20
DA:218,20
DA:265,0
DA:266,0
DA:268,0
DA:269,0
DA:271,0
DA:272,0
DA:660,20
DA:661,20
DA:663,20
end_of_record
SF:/usr/include/x86_64-linux-gnu/qt5/QtGui/qcolor.h
FN:286,_ZN6QColorC2Eiiii
FNDA:0,_ZN6QColorC2Eiiii
DA:286,0
DA:287,0
end_of_record
SF:/usr/include/x86_64-linux-gnu/qt5/QtCore/qstringlist.h
FN:69,_ZN19QListSpecialMethodsI7QStringED2Ev
FNDA:0,_ZN19QListSpecialMethodsI7QStringED2Ev
DA:69,0
end_of_record
SF:/usr/include/x86_64-linux-gnu/qt5/QtCore/qarraydata.h
FN:57,_ZN10QArrayData4dataEv
FNDA:0,_ZN10QArrayData4dataEv
FN:123,_ZN10QArrayData10sharedNullEv
FNDA:0,_ZN10QArrayData10sharedNullEv
FN:208,_ZN15QTypedArrayDataItE4dataEv
FNDA:0,_ZN15QTypedArrayDataItE4dataEv
FN:208,_ZN15QTypedArrayDataIcE4dataEv
FNDA:0,_ZN15QTypedArrayDataIcE4dataEv
FN:236,_ZN15QTypedArrayDataItE10deallocateEP10QArrayData
FNDA:0,_ZN15QTypedArrayDataItE10deallocateEP10QArrayData
FN:236,_ZN15QTypedArrayDataIcE10deallocateEP10QArrayData
FNDA:0,_ZN15QTypedArrayDataIcE10deallocateEP10QArrayData
FN:257,_ZN15QTypedArrayDataItE10sharedNullEv
FNDA:0,_ZN15QTypedArrayDataItE10sharedNullEv
DA:57,0
DA:61,0
DA:123,0
DA:208,0
DA:208,0
DA:236,0
DA:239,0
DA:240,0
DA:236,0
DA:239,0
DA:240,0
DA:257,0
DA:260,0
end_of_record
SF:/usr/include/c++/9/bits/atomic_base.h
FN:99,_ZStanSt12memory_orderSt23__memory_order_modifier
FNDA:0,_ZStanSt12memory_orderSt23__memory_order_modifier
FN:279,_ZNSt13__atomic_baseIiEC2Ei
FNDA:0,_ZNSt13__atomic_baseIiEC2Ei
FN:318,_ZNSt13__atomic_baseIiEppEv
FNDA:0,_ZNSt13__atomic_baseIiEppEv
FN:326,_ZNSt13__atomic_baseIiEmmEv
FNDA:0,_ZNSt13__atomic_baseIiEmmEv
DA:99,0
DA:101,0
DA:279,0
DA:318,0
DA:319,0
DA:326,0
DA:327,0
DA:415,0
DA:419,0
end_of_record
SF:/home/user/Desktop/pobedi-me-ako-znas/application/pogodistaui.h
end_of_record
SF:/usr/include/x86_64-linux-gnu/qt5/QtCore/qobject_impl.h
FN:71,_ZN9QtPrivate15ConnectionTypesINS_4ListIJN6QTimer14QPrivateSignalEEEELb0EE5typesEv
FNDA:0,_ZN9QtPrivate15ConnectionTypesINS_4ListIJN6QTimer14QPrivateSignalEEEELb0EE5typesEv
FN:73,_ZN9QtPrivate15ConnectionTypesINS_4ListIJEEELb1EE5typesEv
FNDA:0,_ZN9QtPrivate15ConnectionTypesINS_4ListIJEEELb1EE5typesEv
DA:71,0
DA:73,0
end_of_record
SF:/usr/include/x86_64-linux-gnu/qt5/QtCore/qbasicatomic.h
FN:103,_ZNK19QBasicAtomicIntegerIiE4loadEv
FNDA:0,_ZNK19QBasicAtomicIntegerIiE4loadEv
FN:114,_ZN19QBasicAtomicIntegerIiE3refEv
FNDA:0,_ZN19QBasicAtomicIntegerIiE3refEv
FN:115,_ZN19QBasicAtomicIntegerIiE5derefEv
FNDA:0,_ZN19QBasicAtomicIntegerIiE5derefEv
FN:221,_ZN19QBasicAtomicIntegerIiEC2Ei
FNDA:0,_ZN19QBasicAtomicIntegerIiEC2Ei
DA:103,0
DA:114,0
DA:115,0
DA:221,0
end_of_record
SF:/usr/include/x86_64-linux-gnu/qt5/QtCore/qobjectdefs_impl.h
FN:88,_ZN9QtPrivate16ApplyReturnValueIvEC2EPv
FNDA:0,_ZN9QtPrivate16ApplyReturnValueIvEC2EPv
FN:151,_ZN9QtPrivate11FunctorCallINS_11IndexesListIJEEENS_4ListIJEEEvM10QEventLoopFvvEE4callES7_PS5_PPv
FNDA:28,_ZN9QtPrivate11FunctorCallINS_11IndexesListIJEEENS_4ListIJEEEvM10QEventLoopFvvEE4callES7_PS5_PPv
FN:151,_ZN9QtPrivate11FunctorCallINS_11IndexesListIJEEENS_4ListIJEEEvM11PogodiStaUIFvvEE4callES7_PS5_PPv
FNDA:148,_ZN9QtPrivate11FunctorCallINS_11IndexesListIJEEENS_4ListIJEEEvM11PogodiStaUIFvvEE4callES7_PS5_PPv
FN:184,_ZN9QtPrivate15FunctionPointerIM10QEventLoopFvvEE4callINS_4ListIJEEEvEEvS3_PS1_PPv
FNDA:28,_ZN9QtPrivate15FunctionPointerIM10QEventLoopFvvEE4callINS_4ListIJEEEvEEvS3_PS1_PPv
FN:184,_ZN9QtPrivate15FunctionPointerIM11PogodiStaUIFvvEE4callINS_4ListIJEEEvEEvS3_PS1_PPv
FNDA:148,_ZN9QtPrivate15FunctionPointerIM11PogodiStaUIFvvEE4callINS_4ListIJEEEvEEvS3_PS1_PPv
FN:387,_ZN9QtPrivate15QSlotObjectBaseC2EPFviPS0_P7QObjectPPvPbE
FNDA:0,_ZN9QtPrivate15QSlotObjectBaseC2EPFviPS0_P7QObjectPPvPbE
FN:396,_ZN9QtPrivate15QSlotObjectBaseD2Ev
FNDA:0,_ZN9QtPrivate15QSlotObjectBaseD2Ev
FN:407,_ZN9QtPrivate11QSlotObjectIM10QEventLoopFvvENS_4ListIJEEEvE4implEiPNS_15QSlotObjectBaseEP7QObjectPPvPb
FNDA:56,_ZN9QtPrivate11QSlotObjectIM10QEventLoopFvvENS_4ListIJEEEvE4implEiPNS_15QSlotObjectBaseEP7QObjectPPvPb
FN:407,_ZN9QtPrivate11QSlotObjectIM11PogodiStaUIFvvENS_4ListIJEEEvE4implEiPNS_15QSlotObjectBaseEP7QObjectPPvPb
FNDA:162,_ZN9QtPrivate11QSlotObjectIM11PogodiStaUIFvvENS_4ListIJEEEvE4implEiPNS_15QSlotObjectBaseEP7QObjectPPvPb
FN:423,_ZN9QtPrivate11QSlotObjectIM10QEventLoopFvvENS_4ListIJEEEvEC2ES3_
FNDA:28,_ZN9QtPrivate11QSlotObjectIM10QEventLoopFvvENS_4ListIJEEEvEC2ES3_
FN:423,_ZN9QtPrivate11QSlotObjectIM11PogodiStaUIFvvENS_4ListIJEEEvEC2ES3_
FNDA:8,_ZN9QtPrivate11QSlotObjectIM11PogodiStaUIFvvENS_4ListIJEEEvEC2ES3_
DA:88,0
DA:151,28
DA:152,28
DA:153,28
DA:151,148
DA:152,148
DA:153,148
DA:184,28
DA:185,28
DA:186,28
DA:184,148
DA:185,148
DA:186,148
DA:387,0
DA:396,0
DA:407,56
DA:409,56
DA:410,28
DA:411,28
DA:412,28
DA:413,28
DA:414,28
DA:415,28
DA:416,0
DA:417,0
DA:418,0
DA:419,56
DA:421,56
DA:407,162
DA:409,162
DA:410,8
DA:411,8
DA:412,8
DA:413,148
DA:414,148
DA:415,148
DA:416,6
DA:417,6
DA:418,6
DA:419,162
DA:421,162
DA:423,28
DA:423,8
end_of_record
SF:/home/user/Desktop/pobedi-me-ako-znas/build/application/application_autogen/include/ui_pogodistaui.h
FN:38,_ZN14Ui_PogodiStaUI7setupUiEP7QWidget
FNDA:2,_ZN14Ui_PogodiStaUI7setupUiEP7QWidget
FN:181,_ZN14Ui_PogodiStaUI13retranslateUiEP7QWidget
FNDA:2,_ZN14Ui_PogodiStaUI13retranslateUiEP7QWidget
DA:38,2
DA:40,2
DA:41,2
DA:42,2
DA:43,2
DA:44,2
DA:45,2
DA:46,2
DA:47,2
DA:48,2
DA:49,2
DA:50,2
DA:51,2
DA:52,2
DA:53,2
DA:54,4
DA:55,4
DA:56,2
DA:57,2
DA:58,4
DA:59,2
DA:60,2
DA:61,2
DA:62,4
DA:63,2
DA:65,2
DA:67,2
DA:68,2
DA:69,2
DA:71,2
DA:73,2
DA:74,2
DA:75,2
DA:77,2
DA:79,2
DA:80,4
DA:81,2
DA:82,2
DA:83,2
DA:84,2
DA:85,2
DA:86,2
DA:87,2
DA:88,2
DA:89,2
DA:90,2
DA:91,2
DA:92,4
DA:93,4
DA:94,2
DA:95,2
DA:96,2
DA:97,2
DA:98,4
DA:99,2
DA:101,2
DA:103,2
DA:104,2
DA:105,2
DA:107,2
DA:109,2
DA:110,2
DA:111,2
DA:113,2
DA:115,2
DA:116,4
DA:117,2
DA:118,2
DA:119,2
DA:120,2
DA:121,2
DA:122,2
DA:123,2
DA:124,2
DA:125,2
DA:126,2
DA:127,2
DA:128,2
DA:129,2
DA:130,2
DA:131,2
DA:132,2
DA:133,2
DA:134,2
DA:135,2
DA:136,2
DA:137,4
DA:138,2
DA:139,2
DA:140,2
DA:141,2
DA:143,2
DA:144,2
DA:146,2
DA:148,2
DA:149,2
DA:151,2
DA:153,2
DA:154,2
DA:155,2
DA:156,2
DA:157,2
DA:158,2
DA:159,2
DA:160,2
DA:161,2
DA:162,2
DA:163,2
DA:165,2
DA:166,2
DA:168,2
DA:170,2
DA:171,2
DA:173,2
DA:176,2
DA:178,2
DA:179,2
DA:181,2
DA:183,2
DA:184,2
DA:185,2
DA:186,2
DA:187,2
end_of_record
SF:/usr/include/x86_64-linux-gnu/qt5/QtCore/qatomic.h
FN:60,_ZN14QAtomicIntegerIiEC2Ei
FNDA:0,_ZN14QAtomicIntegerIiEC2Ei
FN:162,_ZN10QAtomicIntC2Ei
FNDA:0,_ZN10QAtomicIntC2Ei
DA:60,0
DA:162,0
end_of_record
SF:/usr/include/x86_64-linux-gnu/qt5/QtCore/qlist.h
FN:100,_ZN9QListData7disposeEv
FNDA:0,_ZN9QListData7disposeEv
FN:113,_ZNK9QListData4sizeEv
FNDA:0,_ZNK9QListData4sizeEv
FN:115,_ZNK9QListData2atEi
FNDA:0,_ZNK9QListData2atEi
FN:116,_ZNK9QListData5beginEv
FNDA:0,_ZNK9QListData5beginEv
FN:117,_ZNK9QListData3endEv
FNDA:0,_ZNK9QListData3endEv
FN:142,_ZN5QListI7QStringE4Node1tEv
FNDA:0,_ZN5QListI7QStringE4Node1tEv
FN:156,_ZN5QListI7QStringEC2EOS1_
FNDA:0,_ZN5QListI7QStringEC2EOS1_
FN:170,_ZNK5QListI7QStringE4sizeEv
FNDA:0,_ZNK5QListI7QStringE4sizeEv
FN:172,_ZN5QListI7QStringE6detachEv
FNDA:0,_ZN5QListI7QStringE6detachEv
FN:235,_ZN5QListI7QStringE8iteratorC2EPNS1_4NodeE
FNDA:0,_ZN5QListI7QStringE8iteratorC2EPNS1_4NodeE
FN:241,_ZNK5QListI7QStringE8iteratordeEv
FNDA:0,_ZNK5QListI7QStringE8iteratordeEv
FN:245,_ZNK5QListI7QStringE8iteratorneERKS2_
FNDA:0,_ZNK5QListI7QStringE8iteratorneERKS2_
FN:264,_ZN5QListI7QStringE8iteratorppEv
FNDA:0,_ZN5QListI7QStringE8iteratorppEv
FN:324,_ZN5QListI7QStringE5beginEv
FNDA:0,_ZN5QListI7QStringE5beginEv
FN:328,_ZN5QListI7QStringE3endEv
FNDA:0,_ZN5QListI7QStringE3endEv
FN:459,_ZN5QListI7QStringE9node_copyEPNS1_4NodeES3_S3_
FNDA:0,_ZN5QListI7QStringE9node_copyEPNS1_4NodeES3_S3_
FN:494,_ZN5QListI7QStringE13node_destructEPNS1_4NodeES3_
FNDA:0,_ZN5QListI7QStringE13node_destructEPNS1_4NodeES3_
FN:551,_ZN5QListI7QStringEixEi
FNDA:0,_ZN5QListI7QStringEixEi
FN:786,_ZN5QListI7QStringE13detach_helperEi
FNDA:0,_ZN5QListI7QStringE13detach_helperEi
FN:803,_ZN5QListI7QStringE13detach_helperEv
FNDA:0,_ZN5QListI7QStringE13detach_helperEv
FN:827,_ZN5QListI7QStringED2Ev
FNDA:0,_ZN5QListI7QStringED2Ev
FN:866,_ZN5QListI7QStringE7deallocEPN9QListData4DataE
FNDA:0,_ZN5QListI7QStringE7deallocEPN9QListData4DataE
DA:100,0
DA:113,0
DA:115,0
DA:116,0
DA:117,0
DA:142,0
DA:144,0
DA:156,0
DA:157,0
DA:170,0
DA:172,0
DA:235,0
DA:241,0
DA:245,0
DA:264,0
DA:324,0
DA:328,0
DA:459,0
DA:461,0
DA:477,0
DA:478,0
DA:479,0
DA:480,0
DA:491,0
DA:494,0
DA:499,0
DA:500,0
DA:551,0
DA:553,0
DA:786,0
DA:788,0
DA:789,0
DA:791,0
DA:792,0
DA:793,0
DA:794,0
DA:795,0
DA:798,0
DA:799,0
DA:800,0
DA:803,0
DA:805,0
DA:806,0
DA:827,0
DA:829,0
DA:830,0
DA:831,0
DA:866,0
DA:868,0
DA:869,0
DA:870,0
DA:871,0
end_of_record
SF:/usr/include/x86_64-linux-gnu/qt5/QtCore/qflags.h
FN:120,_ZN6QFlagsIN10QEventLoop17ProcessEventsFlagEEC2ES1_
FNDA:0,_ZN6QFlagsIN10QEventLoop17ProcessEventsFlagEEC2ES1_
FN:120,_ZN6QFlagsIN2Qt19ImageConversionFlagEEC2ES1_
FNDA:0,_ZN6QFlagsIN2Qt19ImageConversionFlagEEC2ES1_
FN:120,_ZN6QFlagsIN2Qt13AlignmentFlagEEC2ES1_
FNDA:0,_ZN6QFlagsIN2Qt13AlignmentFlagEEC2ES1_
FN:121,_ZN6QFlagsIN2Qt13AlignmentFlagEEC2EMNS2_7PrivateEi
FNDA:0,_ZN6QFlagsIN2Qt13AlignmentFlagEEC2EMNS2_7PrivateEi
FN:121,_ZN6QFlagsIN2Qt10WindowTypeEEC2EMNS2_7PrivateEi
FNDA:0,_ZN6QFlagsIN2Qt10WindowTypeEEC2EMNS2_7PrivateEi
DA:120,0
DA:120,0
DA:120,0
DA:121,0
DA:121,0
end_of_record
SF:/usr/include/x86_64-linux-gnu/qt5/QtCore/qshareddata.h
FN:233,_ZN28QExplicitlySharedDataPointerI15QPlatformPixmapE4swapERS1_
FNDA:0,_ZN28QExplicitlySharedDataPointerI15QPlatformPixmapE4swapERS1_
FN:304,_Z5qSwapI15QPlatformPixmapEvR28QExplicitlySharedDataPointerIT_ES4_
FNDA:0,_Z5qSwapI15QPlatformPixmapEvR28QExplicitlySharedDataPointerIT_ES4_
DA:233,0
DA:234,0
DA:304,0
DA:305,0
end_of_record
SF:/home/user/Desktop/pobedi-me-ako-znas/application/pogodistaui.cpp
FN:4,_ZN11PogodiStaUIC2EP7QWidget
FNDA:0,_ZN11PogodiStaUIC2EP7QWidget
FN:14,_ZN11PogodiStaUIC2EP7QWidgetP10QTcpSocket7QStringS4_biii
FNDA:2,_ZN11PogodiStaUIC2EP7QWidgetP10QTcpSocket7QStringS4_biii
FN:49,_ZN11PogodiStaUI5getUiEv
FNDA:0,_ZN11PogodiStaUI5getUiEv
FN:54,_ZN11PogodiStaUI7getTimeEv
FNDA:0,_ZN11PogodiStaUI7getTimeEv
FN:59,_ZN11PogodiStaUI10getPlayer1Ev
FNDA:0,_ZN11PogodiStaUI10getPlayer1Ev
FN:64,_ZN11PogodiStaUI10getPlayer2Ev
FNDA:0,_ZN11PogodiStaUI10getPlayer2Ev
FN:69,_ZN11PogodiStaUI10setPlayer1E7QString
FNDA:0,_ZN11PogodiStaUI10setPlayer1E7QString
FN:74,_ZN11PogodiStaUI10setPlayer2E7QString
FNDA:0,_ZN11PogodiStaUI10setPlayer2E7QString
FN:79,_ZN11PogodiStaUI16setPlayer1PointsEi
FNDA:0,_ZN11PogodiStaUI16setPlayer1PointsEi
FN:84,_ZN11PogodiStaUI16setPlayer2PointsEi
FNDA:0,_ZN11PogodiStaUI16setPlayer2PointsEi
FN:89,_ZN11PogodiStaUI14getRoundNumberEv
FNDA:0,_ZN11PogodiStaUI14getRoundNumberEv
FN:94,_ZN11PogodiStaUI12getPixelSizeEv
FNDA:0,_ZN11PogodiStaUI12getPixelSizeEv
FN:99,_ZN11PogodiStaUID0Ev
FNDA:2,_ZN11PogodiStaUID0Ev
FN:99,_ZN11PogodiStaUID2Ev
FNDA:2,_ZN11PogodiStaUID2Ev
FN:104,_ZN11PogodiStaUI9startGameEv
FNDA:4,_ZN11PogodiStaUI9startGameEv
FN:119,_ZN11PogodiStaUI11updateTimerEv
FNDA:134,_ZN11PogodiStaUI11updateTimerEv
FN:157,_ZN11PogodiStaUI13onGuessSubmitEv
FNDA:2,_ZN11PogodiStaUI13onGuessSubmitEv
FN:180,_ZN11PogodiStaUI11on_gameEndsEv
FNDA:4,_ZN11PogodiStaUI11on_gameEndsEv
FN:195,_ZN11PogodiStaUI11onReadyReadEv
FNDA:8,_ZN11PogodiStaUI11onReadyReadEv
FN:211,_ZN11PogodiStaUI13setBackgroundEv
FNDA:2,_ZN11PogodiStaUI13setBackgroundEv
FN:222,_ZN11PogodiStaUI13pixelateImageE7QPixmapi
FNDA:10,_ZN11PogodiStaUI13pixelateImageE7QPixmapi
FN:244,_ZN11PogodiStaUI5sleepEi
FNDA:28,_ZN11PogodiStaUI5sleepEi
FN:251,_ZN11PogodiStaUI11sendMessageEP10QTcpSocket7QString
FNDA:8,_ZN11PogodiStaUI11sendMessageEP10QTcpSocket7QString
FN:258,_ZN11PogodiStaUI20processServerMessageE7QString
FNDA:8,_ZN11PogodiStaUI20processServerMessageE7QString
FN:309,_ZN11PogodiStaUI12showSolutionEv
FNDA:4,_ZN11PogodiStaUI12showSolutionEv
FN:316,_ZN11PogodiStaUI13generateImageEv
FNDA:4,_ZN11PogodiStaUI13generateImageEv
FN:321,_ZN11PogodiStaUI16getPlayer1PointsEv
FNDA:4,_ZN11PogodiStaUI16getPlayer1PointsEv
FN:326,_ZN11PogodiStaUI16getPlayer2PointsEv
FNDA:4,_ZN11PogodiStaUI16getPlayer2PointsEv
DA:4,0
DA:5,0
DA:7,0
DA:8,0
DA:9,0
DA:10,0
DA:11,0
DA:12,0
DA:14,2
DA:15,2
DA:16,2
DA:18,2
DA:19,2
DA:20,2
DA:21,2
DA:23,2
DA:25,1
DA:26,1
DA:30,1
DA:31,1
DA:33,2
DA:34,2
DA:36,2
DA:38,2
DA:39,2
DA:40,2
DA:42,2
DA:43,2
DA:44,2
DA:46,2
DA:47,2
DA:49,0
DA:51,0
DA:54,0
DA:56,0
DA:59,0
DA:61,0
DA:64,0
DA:66,0
DA:69,0
DA:71,0
DA:72,0
DA:74,0
DA:76,0
DA:77,0
DA:79,0
DA:81,0
DA:82,0
DA:84,0
DA:86,0
DA:87,0
DA:89,0
DA:91,0
DA:94,0
DA:96,0
DA:99,2
DA:102,2
DA:99,2
DA:101,2
DA:102,2
DA:104,4
DA:106,4
DA:107,4
DA:108,4
DA:109,4
DA:110,4
DA:112,2
DA:114,4
DA:115,4
DA:116,4
DA:117,4
DA:119,134
DA:121,134
DA:122,134
DA:124,2
DA:125,2
DA:126,2
DA:127,2
DA:129,132
DA:131,12
DA:132,12
DA:133,12
DA:134,12
DA:135,12
DA:137,2
DA:141,10
DA:142,10
DA:143,10
DA:145,12
DA:146,12
DA:147,12
DA:148,12
DA:149,12
DA:150,12
DA:151,12
DA:154,134
DA:155,134
DA:157,2
DA:159,2
DA:160,2
DA:161,6
DA:163,2
DA:165,2
DA:169,0
DA:171,0
DA:172,0
DA:173,0
DA:174,0
DA:175,0
DA:178,2
DA:180,4
DA:182,4
DA:184,2
DA:186,2
DA:190,2
DA:191,2
DA:193,4
DA:195,8
DA:197,16
DA:198,16
DA:199,8
DA:200,16
DA:202,24
DA:204,16
DA:206,8
DA:209,8
DA:211,2
DA:213,4
DA:214,2
DA:215,4
DA:216,2
DA:217,2
DA:218,2
DA:219,2
DA:220,2
DA:222,10
DA:224,10
DA:225,20
DA:226,10
DA:227,10
DA:228,10
DA:230,280
DA:232,14320
DA:234,14050
DA:235,14050
DA:236,14050
DA:240,10
DA:241,20
DA:244,28
DA:246,28
DA:247,28
DA:248,28
DA:249,28
DA:251,8
DA:253,8
DA:254,8
DA:255,8
DA:256,8
DA:258,8
DA:260,8
DA:262,8
DA:263,8
DA:264,4
DA:265,4
DA:266,4
DA:268,4
DA:269,4
DA:270,4
DA:271,4
DA:273,4
DA:275,4
DA:277,2
DA:278,2
DA:279,4
DA:280,2
DA:281,2
DA:283,2
DA:287,0
DA:289,2
DA:290,2
DA:291,2
DA:293,2
DA:295,2
DA:297,2
DA:298,2
DA:299,2
DA:300,2
DA:301,2
DA:305,0
DA:307,8
DA:309,4
DA:311,4
DA:312,4
DA:313,4
DA:314,4
DA:316,4
DA:318,4
DA:319,4
DA:321,4
DA:323,4
DA:326,4
DA:328,4
end_of_record
SF:/usr/include/x86_64-linux-gnu/qt5/QtCore/qlogging.h
FN:68,_ZN18QMessageLogContextC2EPKciS1_S1_
FNDA:0,_ZN18QMessageLogContextC2EPKciS1_S1_
FN:91,_ZN14QMessageLoggerC2EPKciS1_
FNDA:0,_ZN14QMessageLoggerC2EPKciS1_
DA:68,0
DA:69,0
DA:91,0
DA:92,0
end_of_record
SF:/usr/include/x86_64-linux-gnu/qt5/QtCore/qobject.h
FN:228,_ZN7QObject7connectIM9QLineEditFvvEM11PogodiStaUIFvvEEEN11QMetaObject10ConnectionEPKN9QtPrivate15FunctionPointerIT_E6ObjectESB_PKNSA_IT0_E6ObjectESG_N2Qt14ConnectionTypeE
FNDA:2,_ZN7QObject7connectIM9QLineEditFvvEM11PogodiStaUIFvvEEEN11QMetaObject10ConnectionEPKN9QtPrivate15FunctionPointerIT_E6ObjectESB_PKNSA_IT0_E6ObjectESG_N2Qt14ConnectionTypeE
FN:228,_ZN7QObject7connectIM11PogodiStaUIFvvES3_EEN11QMetaObject10ConnectionEPKN9QtPrivate15FunctionPointerIT_E6ObjectES8_PKNS7_IT0_E6ObjectESD_N2Qt14ConnectionTypeE
FNDA:2,_ZN7QObject7connectIM11PogodiStaUIFvvES3_EEN11QMetaObject10ConnectionEPKN9QtPrivate15FunctionPointerIT_E6ObjectES8_PKNS7_IT0_E6ObjectESD_N2Qt14ConnectionTypeE
FN:228,_ZN7QObject7connectIM9QIODeviceFvvEM11PogodiStaUIFvvEEEN11QMetaObject10ConnectionEPKN9QtPrivate15FunctionPointerIT_E6ObjectESB_PKNSA_IT0_E6ObjectESG_N2Qt14ConnectionTypeE
FNDA:2,_ZN7QObject7connectIM9QIODeviceFvvEM11PogodiStaUIFvvEEEN11QMetaObject10ConnectionEPKN9QtPrivate15FunctionPointerIT_E6ObjectESB_PKNSA_IT0_E6ObjectESG_N2Qt14ConnectionTypeE
FN:228,_ZN7QObject7connectIM6QTimerFvNS1_14QPrivateSignalEEM11PogodiStaUIFvvEEEN11QMetaObject10ConnectionEPKN9QtPrivate15FunctionPointerIT_E6ObjectESC_PKNSB_IT0_E6ObjectESH_N2Qt14ConnectionTypeE
FNDA:2,_ZN7QObject7connectIM6QTimerFvNS1_14QPrivateSignalEEM11PogodiStaUIFvvEEEN11QMetaObject10ConnectionEPKN9QtPrivate15FunctionPointerIT_E6ObjectESC_PKNSB_IT0_E6ObjectESH_N2Qt14ConnectionTypeE
FN:353,_ZN7QObject10disconnectIM11PogodiStaUIFvvES3_EEbPKN9QtPrivate15FunctionPointerIT_E6ObjectES6_PKNS5_IT0_E6ObjectESB_
FNDA:2,_ZN7QObject10disconnectIM11PogodiStaUIFvvES3_EEbPKN9QtPrivate15FunctionPointerIT_E6ObjectES6_PKNS5_IT0_E6ObjectESB_
FN:353,_ZN7QObject10disconnectIM6QTimerFvNS1_14QPrivateSignalEEM11PogodiStaUIFvvEEEbPKN9QtPrivate15FunctionPointerIT_E6ObjectESA_PKNS9_IT0_E6ObjectESF_
FNDA:2,_ZN7QObject10disconnectIM6QTimerFvNS1_14QPrivateSignalEEM11PogodiStaUIFvvEEEbPKN9QtPrivate15FunctionPointerIT_E6ObjectESA_PKNS9_IT0_E6ObjectESF_
FN:353,_ZN7QObject10disconnectIM9QIODeviceFvvEM11PogodiStaUIFvvEEEbPKN9QtPrivate15FunctionPointerIT_E6ObjectES9_PKNS8_IT0_E6ObjectESE_
FNDA:2,_ZN7QObject10disconnectIM9QIODeviceFvvEM11PogodiStaUIFvvEEEbPKN9QtPrivate15FunctionPointerIT_E6ObjectES9_PKNS8_IT0_E6ObjectESE_
DA:228,2
DA:246,2
DA:247,2
DA:248,0
DA:252,2
DA:254,2
DA:228,2
DA:246,2
DA:247,2
DA:248,0
DA:252,2
DA:254,2
DA:228,2
DA:246,2
DA:247,2
DA:248,0
DA:252,2
DA:254,2
DA:228,2
DA:246,2
DA:247,2
DA:248,0
DA:252,2
DA:254,2
DA:353,2
DA:366,2
DA:367,2
DA:353,2
DA:366,2
DA:367,2
DA:353,2
DA:366,2
DA:367,2
end_of_record
SF:/usr/include/x86_64-linux-gnu/qt5/QtCore/qrefcount.h
FN:54,_ZN9QtPrivate8RefCount3refEv
FNDA:0,_ZN9QtPrivate8RefCount3refEv
FN:65,_ZN9QtPrivate8RefCount5derefEv
FNDA:0,_ZN9QtPrivate8RefCount5derefEv
FN:99,_ZNK9QtPrivate8RefCount8isSharedEv
FNDA:0,_ZNK9QtPrivate8RefCount8isSharedEv
DA:54,0
DA:55,0
DA:57,0
DA:58,0
DA:60,0
DA:61,0
DA:62,0
DA:65,0
DA:66,0
DA:68,0
DA:69,0
DA:71,0
DA:72,0
DA:73,0
DA:99,0
DA:101,0
DA:102,0
end_of_record
